[0.028s] Invoking command in '/home/ubuntu/ComputerScience_Project/build/turtlebot3_manipulation_hardware': CMAKE_PREFIX_PATH=/opt/ros/humble /usr/bin/cmake /home/ubuntu/ComputerScience_Project/src/turtlebot3_manipulation/turtlebot3_manipulation_hardware -DAMENT_CMAKE_SYMLINK_INSTALL=1 -DCMAKE_INSTALL_PREFIX=/home/ubuntu/ComputerScience_Project/install/turtlebot3_manipulation_hardware
[0.268s] -- The C compiler identification is GNU 11.4.0
[0.441s] -- The CXX compiler identification is GNU 11.4.0
[0.457s] -- Detecting C compiler ABI info
[0.558s] -- Detecting C compiler ABI info - done
[0.568s] -- Check for working C compiler: /usr/bin/cc - skipped
[0.568s] -- Detecting C compile features
[0.571s] -- Detecting C compile features - done
[0.577s] -- Detecting CXX compiler ABI info
[0.671s] -- Detecting CXX compiler ABI info - done
[0.681s] -- Check for working CXX compiler: /usr/bin/c++ - skipped
[0.681s] -- Detecting CXX compile features
[0.682s] -- Detecting CXX compile features - done
[0.714s] -- Found ament_cmake: 1.3.10 (/opt/ros/humble/share/ament_cmake/cmake)
[0.926s] -- Found Python3: /usr/bin/python3 (found version "3.10.12") found components: Interpreter 
[1.034s] -- Override CMake install command with custom implementation using symlinks instead of copying resources
[1.097s] -- Found dynamixel_sdk: 3.7.60 (/opt/ros/humble/share/dynamixel_sdk/cmake)
[1.101s] -- Found hardware_interface: 2.43.1 (/opt/ros/humble/share/hardware_interface/cmake)
[1.204s] -- Found rosidl_generator_c: 3.1.5 (/opt/ros/humble/share/rosidl_generator_c/cmake)
[1.217s] -- Found rosidl_adapter: 3.1.5 (/opt/ros/humble/share/rosidl_adapter/cmake)
[1.240s] -- Found rosidl_generator_cpp: 3.1.5 (/opt/ros/humble/share/rosidl_generator_cpp/cmake)
[1.277s] -- Using all available rosidl_typesupport_c: rosidl_typesupport_fastrtps_c;rosidl_typesupport_introspection_c
[1.322s] -- Using all available rosidl_typesupport_cpp: rosidl_typesupport_fastrtps_cpp;rosidl_typesupport_introspection_cpp
[1.867s] -- Found rmw_implementation_cmake: 6.1.2 (/opt/ros/humble/share/rmw_implementation_cmake/cmake)
[1.876s] -- Found rmw_fastrtps_cpp: 6.2.7 (/opt/ros/humble/share/rmw_fastrtps_cpp/cmake)
[1.959s] -- Found TinyXML2 via Config file: TinyXML2_DIR-NOTFOUND
[2.023s] -- Found OpenSSL: /usr/lib/x86_64-linux-gnu/libcrypto.so (found version "3.0.2")  
[2.029s] -- Found TinyXML2 via Config file: TinyXML2_DIR-NOTFOUND
[2.052s] -- Found FastRTPS: /opt/ros/humble/include  
[2.057s] -- Found TinyXML2 via Config file: TinyXML2_DIR-NOTFOUND
[2.066s] -- Found TinyXML2 via Config file: TinyXML2_DIR-NOTFOUND
[2.077s] -- Using RMW implementation 'rmw_fastrtps_cpp' as default
[2.097s] -- Looking for pthread.h
[2.192s] -- Looking for pthread.h - found
[2.192s] -- Performing Test CMAKE_HAVE_LIBC_PTHREAD
[2.273s] -- Performing Test CMAKE_HAVE_LIBC_PTHREAD - Success
[2.275s] -- Found Threads: TRUE  
[2.471s] -- Configuring done
[2.566s] -- Generating done
[2.568s] -- Build files have been written to: /home/ubuntu/ComputerScience_Project/build/turtlebot3_manipulation_hardware
[2.590s] Invoked command in '/home/ubuntu/ComputerScience_Project/build/turtlebot3_manipulation_hardware' returned '0': CMAKE_PREFIX_PATH=/opt/ros/humble /usr/bin/cmake /home/ubuntu/ComputerScience_Project/src/turtlebot3_manipulation/turtlebot3_manipulation_hardware -DAMENT_CMAKE_SYMLINK_INSTALL=1 -DCMAKE_INSTALL_PREFIX=/home/ubuntu/ComputerScience_Project/install/turtlebot3_manipulation_hardware
[2.592s] Invoking command in '/home/ubuntu/ComputerScience_Project/build/turtlebot3_manipulation_hardware': CMAKE_PREFIX_PATH=/opt/ros/humble /usr/bin/cmake --build /home/ubuntu/ComputerScience_Project/build/turtlebot3_manipulation_hardware -- -j8 -l8
[2.640s] [ 50%] [32mBuilding CXX object CMakeFiles/turtlebot3_manipulation_hardware.dir/src/turtlebot3_manipulation_system.cpp.o[0m
[2.640s] [ 50%] [32mBuilding CXX object CMakeFiles/turtlebot3_manipulation_hardware.dir/src/opencr.cpp.o[0m
[2.641s] [ 75%] [32mBuilding CXX object CMakeFiles/turtlebot3_manipulation_hardware.dir/src/dynamixel_sdk_wrapper.cpp.o[0m
[10.187s] [100%] [32m[1mLinking CXX shared library libturtlebot3_manipulation_hardware.so[0m
[10.575s] [100%] Built target turtlebot3_manipulation_hardware
[10.589s] Invoked command in '/home/ubuntu/ComputerScience_Project/build/turtlebot3_manipulation_hardware' returned '0': CMAKE_PREFIX_PATH=/opt/ros/humble /usr/bin/cmake --build /home/ubuntu/ComputerScience_Project/build/turtlebot3_manipulation_hardware -- -j8 -l8
[10.633s] Invoking command in '/home/ubuntu/ComputerScience_Project/build/turtlebot3_manipulation_hardware': CMAKE_PREFIX_PATH=/opt/ros/humble /usr/bin/cmake --install /home/ubuntu/ComputerScience_Project/build/turtlebot3_manipulation_hardware
[10.641s] -- Install configuration: ""
[10.641s] -- Execute custom install script
[10.643s] -- Symlinking: /home/ubuntu/ComputerScience_Project/install/turtlebot3_manipulation_hardware/share/turtlebot3_manipulation_hardware//turtlebot3_manipulation_hardware.xml
[10.655s] -- Symlinking: /home/ubuntu/ComputerScience_Project/install/turtlebot3_manipulation_hardware/include/turtlebot3_manipulation_hardware/dynamixel_sdk_wrapper.hpp
[10.667s] -- Symlinking: /home/ubuntu/ComputerScience_Project/install/turtlebot3_manipulation_hardware/include/turtlebot3_manipulation_hardware/opencr.hpp
[10.679s] -- Symlinking: /home/ubuntu/ComputerScience_Project/install/turtlebot3_manipulation_hardware/include/turtlebot3_manipulation_hardware/opencr_control_table.hpp
[10.690s] -- Symlinking: /home/ubuntu/ComputerScience_Project/install/turtlebot3_manipulation_hardware/include/turtlebot3_manipulation_hardware/opencr_definitions.hpp
[10.701s] -- Symlinking: /home/ubuntu/ComputerScience_Project/install/turtlebot3_manipulation_hardware/include/turtlebot3_manipulation_hardware/turtlebot3_manipulation_system.hpp
[10.711s] -- Symlinking: /home/ubuntu/ComputerScience_Project/install/turtlebot3_manipulation_hardware/include/turtlebot3_manipulation_hardware/visibility_control.h
[10.722s] -- Symlinking: /home/ubuntu/ComputerScience_Project/install/turtlebot3_manipulation_hardware/lib/libturtlebot3_manipulation_hardware.so
[10.733s] -- Symlinking: /home/ubuntu/ComputerScience_Project/install/turtlebot3_manipulation_hardware/share/turtlebot3_manipulation_hardware/environment/library_path.sh
[10.744s] -- Symlinking: /home/ubuntu/ComputerScience_Project/install/turtlebot3_manipulation_hardware/share/turtlebot3_manipulation_hardware/environment/library_path.dsv
[10.758s] -- Symlinking: /home/ubuntu/ComputerScience_Project/install/turtlebot3_manipulation_hardware/share/ament_index/resource_index/package_run_dependencies/turtlebot3_manipulation_hardware
[10.769s] -- Symlinking: /home/ubuntu/ComputerScience_Project/install/turtlebot3_manipulation_hardware/share/ament_index/resource_index/parent_prefix_path/turtlebot3_manipulation_hardware
[10.780s] -- Symlinking: /home/ubuntu/ComputerScience_Project/install/turtlebot3_manipulation_hardware/share/turtlebot3_manipulation_hardware/environment/ament_prefix_path.sh
[10.792s] -- Symlinking: /home/ubuntu/ComputerScience_Project/install/turtlebot3_manipulation_hardware/share/turtlebot3_manipulation_hardware/environment/ament_prefix_path.dsv
[10.807s] -- Symlinking: /home/ubuntu/ComputerScience_Project/install/turtlebot3_manipulation_hardware/share/turtlebot3_manipulation_hardware/environment/path.sh
[10.821s] -- Symlinking: /home/ubuntu/ComputerScience_Project/install/turtlebot3_manipulation_hardware/share/turtlebot3_manipulation_hardware/environment/path.dsv
[10.836s] -- Symlinking: /home/ubuntu/ComputerScience_Project/install/turtlebot3_manipulation_hardware/share/turtlebot3_manipulation_hardware/local_setup.bash
[10.850s] -- Symlinking: /home/ubuntu/ComputerScience_Project/install/turtlebot3_manipulation_hardware/share/turtlebot3_manipulation_hardware/local_setup.sh
[10.859s] -- Symlinking: /home/ubuntu/ComputerScience_Project/install/turtlebot3_manipulation_hardware/share/turtlebot3_manipulation_hardware/local_setup.zsh
[10.869s] -- Symlinking: /home/ubuntu/ComputerScience_Project/install/turtlebot3_manipulation_hardware/share/turtlebot3_manipulation_hardware/local_setup.dsv
[10.880s] -- Symlinking: /home/ubuntu/ComputerScience_Project/install/turtlebot3_manipulation_hardware/share/turtlebot3_manipulation_hardware/package.dsv
[10.890s] -- Symlinking: /home/ubuntu/ComputerScience_Project/install/turtlebot3_manipulation_hardware/share/ament_index/resource_index/packages/turtlebot3_manipulation_hardware
[10.902s] -- Symlinking: /home/ubuntu/ComputerScience_Project/install/turtlebot3_manipulation_hardware/share/ament_index/resource_index/hardware_interface__pluginlib__plugin/turtlebot3_manipulation_hardware
[10.912s] -- Symlinking: /home/ubuntu/ComputerScience_Project/install/turtlebot3_manipulation_hardware/share/turtlebot3_manipulation_hardware/cmake/ament_cmake_export_include_directories-extras.cmake
[10.922s] -- Symlinking: /home/ubuntu/ComputerScience_Project/install/turtlebot3_manipulation_hardware/share/turtlebot3_manipulation_hardware/cmake/ament_cmake_export_libraries-extras.cmake
[10.932s] -- Symlinking: /home/ubuntu/ComputerScience_Project/install/turtlebot3_manipulation_hardware/share/turtlebot3_manipulation_hardware/cmake/ament_cmake_export_dependencies-extras.cmake
[10.942s] -- Symlinking: /home/ubuntu/ComputerScience_Project/install/turtlebot3_manipulation_hardware/share/turtlebot3_manipulation_hardware/cmake/turtlebot3_manipulation_hardwareConfig.cmake
[10.956s] -- Symlinking: /home/ubuntu/ComputerScience_Project/install/turtlebot3_manipulation_hardware/share/turtlebot3_manipulation_hardware/cmake/turtlebot3_manipulation_hardwareConfig-version.cmake
[10.966s] -- Symlinking: /home/ubuntu/ComputerScience_Project/install/turtlebot3_manipulation_hardware/share/turtlebot3_manipulation_hardware/package.xml
[10.978s] Invoked command in '/home/ubuntu/ComputerScience_Project/build/turtlebot3_manipulation_hardware' returned '0': CMAKE_PREFIX_PATH=/opt/ros/humble /usr/bin/cmake --install /home/ubuntu/ComputerScience_Project/build/turtlebot3_manipulation_hardware
