[0.467s] Invoking command in '/home/ubuntu/ComputerScience_Project/build/turtlebot3_fake_node': CMAKE_PREFIX_PATH=${CMAKE_PREFIX_PATH}:/opt/ros/humble /usr/bin/cmake --build /home/ubuntu/ComputerScience_Project/build/turtlebot3_fake_node -- -j8 -l8
[2.707s] [35m[1mConsolidate compiler generated dependencies of target turtlebot3_fake_node[0m
[2.707s] [100%] Built target turtlebot3_fake_node
[2.843s] Invoked command in '/home/ubuntu/ComputerScience_Project/build/turtlebot3_fake_node' returned '0': CMAKE_PREFIX_PATH=${CMAKE_PREFIX_PATH}:/opt/ros/humble /usr/bin/cmake --build /home/ubuntu/ComputerScience_Project/build/turtlebot3_fake_node -- -j8 -l8
[3.361s] Invoking command in '/home/ubuntu/ComputerScience_Project/build/turtlebot3_fake_node': CMAKE_PREFIX_PATH=${CMAKE_PREFIX_PATH}:/opt/ros/humble /usr/bin/cmake --install /home/ubuntu/ComputerScience_Project/build/turtlebot3_fake_node
[3.414s] -- Install configuration: ""
[3.415s] -- Execute custom install script
[3.424s] -- Up-to-date symlink: /home/ubuntu/ComputerScience_Project/install/turtlebot3_fake_node/lib/turtlebot3_fake_node/turtlebot3_fake_node
[3.429s] -- Up-to-date symlink: /home/ubuntu/ComputerScience_Project/install/turtlebot3_fake_node/share/turtlebot3_fake_node/launch/rviz2.launch.py
[3.429s] -- Up-to-date symlink: /home/ubuntu/ComputerScience_Project/install/turtlebot3_fake_node/share/turtlebot3_fake_node/launch/turtlebot3_fake_node.launch.py
[3.431s] -- Up-to-date symlink: /home/ubuntu/ComputerScience_Project/install/turtlebot3_fake_node/share/turtlebot3_fake_node/param/burger.yaml
[3.432s] -- Up-to-date symlink: /home/ubuntu/ComputerScience_Project/install/turtlebot3_fake_node/share/turtlebot3_fake_node/param/waffle.yaml
[3.506s] -- Up-to-date symlink: /home/ubuntu/ComputerScience_Project/install/turtlebot3_fake_node/share/turtlebot3_fake_node/param/waffle_pi.yaml
[3.512s] -- Up-to-date symlink: /home/ubuntu/ComputerScience_Project/install/turtlebot3_fake_node/include//turtlebot3_fake_node/turtlebot3_fake_node.hpp
[3.512s] -- Up-to-date symlink: /home/ubuntu/ComputerScience_Project/install/turtlebot3_fake_node/share/ament_index/resource_index/package_run_dependencies/turtlebot3_fake_node
[3.525s] -- Up-to-date symlink: /home/ubuntu/ComputerScience_Project/install/turtlebot3_fake_node/share/ament_index/resource_index/parent_prefix_path/turtlebot3_fake_node
[3.528s] -- Up-to-date symlink: /home/ubuntu/ComputerScience_Project/install/turtlebot3_fake_node/share/turtlebot3_fake_node/environment/ament_prefix_path.sh
[3.529s] -- Up-to-date symlink: /home/ubuntu/ComputerScience_Project/install/turtlebot3_fake_node/share/turtlebot3_fake_node/environment/ament_prefix_path.dsv
[3.529s] -- Up-to-date symlink: /home/ubuntu/ComputerScience_Project/install/turtlebot3_fake_node/share/turtlebot3_fake_node/environment/path.sh
[3.529s] -- Up-to-date symlink: /home/ubuntu/ComputerScience_Project/install/turtlebot3_fake_node/share/turtlebot3_fake_node/environment/path.dsv
[3.534s] -- Up-to-date symlink: /home/ubuntu/ComputerScience_Project/install/turtlebot3_fake_node/share/turtlebot3_fake_node/local_setup.bash
[3.541s] -- Up-to-date symlink: /home/ubuntu/ComputerScience_Project/install/turtlebot3_fake_node/share/turtlebot3_fake_node/local_setup.sh
[3.542s] -- Up-to-date symlink: /home/ubuntu/ComputerScience_Project/install/turtlebot3_fake_node/share/turtlebot3_fake_node/local_setup.zsh
[3.542s] -- Up-to-date symlink: /home/ubuntu/ComputerScience_Project/install/turtlebot3_fake_node/share/turtlebot3_fake_node/local_setup.dsv
[3.542s] -- Symlinking: /home/ubuntu/ComputerScience_Project/install/turtlebot3_fake_node/share/turtlebot3_fake_node/package.dsv
[3.659s] -- Up-to-date symlink: /home/ubuntu/ComputerScience_Project/install/turtlebot3_fake_node/share/ament_index/resource_index/packages/turtlebot3_fake_node
[3.688s] -- Up-to-date symlink: /home/ubuntu/ComputerScience_Project/install/turtlebot3_fake_node/share/turtlebot3_fake_node/cmake/ament_cmake_export_include_directories-extras.cmake
[3.688s] -- Up-to-date symlink: /home/ubuntu/ComputerScience_Project/install/turtlebot3_fake_node/share/turtlebot3_fake_node/cmake/ament_cmake_export_dependencies-extras.cmake
[3.689s] -- Up-to-date symlink: /home/ubuntu/ComputerScience_Project/install/turtlebot3_fake_node/share/turtlebot3_fake_node/cmake/turtlebot3_fake_nodeConfig.cmake
[3.691s] -- Up-to-date symlink: /home/ubuntu/ComputerScience_Project/install/turtlebot3_fake_node/share/turtlebot3_fake_node/cmake/turtlebot3_fake_nodeConfig-version.cmake
[3.691s] -- Up-to-date symlink: /home/ubuntu/ComputerScience_Project/install/turtlebot3_fake_node/share/turtlebot3_fake_node/package.xml
[3.923s] Invoked command in '/home/ubuntu/ComputerScience_Project/build/turtlebot3_fake_node' returned '0': CMAKE_PREFIX_PATH=${CMAKE_PREFIX_PATH}:/opt/ros/humble /usr/bin/cmake --install /home/ubuntu/ComputerScience_Project/build/turtlebot3_fake_node
