[0.034s] Invoking command in '/home/ubuntu/ComputerScience_Project/build/turtlebot3_manipulation_description': CMAKE_PREFIX_PATH=/opt/ros/humble /usr/bin/cmake /home/ubuntu/ComputerScience_Project/src/turtlebot3_manipulation/turtlebot3_manipulation_description -DAMENT_CMAKE_SYMLINK_INSTALL=1 -DCMAKE_INSTALL_PREFIX=/home/ubuntu/ComputerScience_Project/install/turtlebot3_manipulation_description
[0.284s] -- The C compiler identification is GNU 11.4.0
[0.459s] -- The CXX compiler identification is GNU 11.4.0
[0.478s] -- Detecting C compiler ABI info
[0.578s] -- Detecting C compiler ABI info - done
[0.592s] -- Check for working C compiler: /usr/bin/cc - skipped
[0.593s] -- Detecting C compile features
[0.594s] -- Detecting C compile features - done
[0.597s] -- Detecting CXX compiler ABI info
[0.697s] -- Detecting CXX compiler ABI info - done
[0.708s] -- Check for working CXX compiler: /usr/bin/c++ - skipped
[0.708s] -- Detecting CXX compile features
[0.708s] -- Detecting CXX compile features - done
[0.735s] -- Found ament_cmake: 1.3.10 (/opt/ros/humble/share/ament_cmake/cmake)
[0.954s] -- Found Python3: /usr/bin/python3 (found version "3.10.12") found components: Interpreter 
[1.058s] -- Override CMake install command with custom implementation using symlinks instead of copying resources
[1.221s] -- Configuring done
[1.228s] -- Generating done
[1.229s] -- Build files have been written to: /home/ubuntu/ComputerScience_Project/build/turtlebot3_manipulation_description
[1.241s] Invoked command in '/home/ubuntu/ComputerScience_Project/build/turtlebot3_manipulation_description' returned '0': CMAKE_PREFIX_PATH=/opt/ros/humble /usr/bin/cmake /home/ubuntu/ComputerScience_Project/src/turtlebot3_manipulation/turtlebot3_manipulation_description -DAMENT_CMAKE_SYMLINK_INSTALL=1 -DCMAKE_INSTALL_PREFIX=/home/ubuntu/ComputerScience_Project/install/turtlebot3_manipulation_description
[1.244s] Invoking command in '/home/ubuntu/ComputerScience_Project/build/turtlebot3_manipulation_description': CMAKE_PREFIX_PATH=/opt/ros/humble /usr/bin/cmake --build /home/ubuntu/ComputerScience_Project/build/turtlebot3_manipulation_description -- -j8 -l8
[1.284s] Invoked command in '/home/ubuntu/ComputerScience_Project/build/turtlebot3_manipulation_description' returned '0': CMAKE_PREFIX_PATH=/opt/ros/humble /usr/bin/cmake --build /home/ubuntu/ComputerScience_Project/build/turtlebot3_manipulation_description -- -j8 -l8
[1.315s] Invoking command in '/home/ubuntu/ComputerScience_Project/build/turtlebot3_manipulation_description': CMAKE_PREFIX_PATH=/opt/ros/humble /usr/bin/cmake --install /home/ubuntu/ComputerScience_Project/build/turtlebot3_manipulation_description
[1.323s] -- Install configuration: ""
[1.324s] -- Execute custom install script
[1.328s] -- Symlinking: /home/ubuntu/ComputerScience_Project/install/turtlebot3_manipulation_description/share/turtlebot3_manipulation_description/launch/model.launch.py
[1.335s] -- Symlinking: /home/ubuntu/ComputerScience_Project/install/turtlebot3_manipulation_description/share/turtlebot3_manipulation_description/rviz/model.rviz
[1.346s] -- Symlinking: /home/ubuntu/ComputerScience_Project/install/turtlebot3_manipulation_description/share/turtlebot3_manipulation_description/urdf/open_manipulator_x.urdf.xacro
[1.356s] -- Symlinking: /home/ubuntu/ComputerScience_Project/install/turtlebot3_manipulation_description/share/turtlebot3_manipulation_description/urdf/turtlebot3_manipulation.urdf.xacro
[1.366s] -- Symlinking: /home/ubuntu/ComputerScience_Project/install/turtlebot3_manipulation_description/share/turtlebot3_manipulation_description/urdf/turtlebot3_waffle_pi.urdf.xacro
[1.376s] -- Symlinking: /home/ubuntu/ComputerScience_Project/install/turtlebot3_manipulation_description/share/turtlebot3_manipulation_description/gazebo/materials.xacro
[1.385s] -- Symlinking: /home/ubuntu/ComputerScience_Project/install/turtlebot3_manipulation_description/share/turtlebot3_manipulation_description/gazebo/open_manipulator_x.gazebo.xacro
[1.397s] -- Symlinking: /home/ubuntu/ComputerScience_Project/install/turtlebot3_manipulation_description/share/turtlebot3_manipulation_description/gazebo/turtlebot3_waffle_pi.gazebo.xacro
[1.407s] -- Symlinking: /home/ubuntu/ComputerScience_Project/install/turtlebot3_manipulation_description/share/turtlebot3_manipulation_description/meshes/open_manipulator_x/gripper_left_palm.stl
[1.416s] -- Symlinking: /home/ubuntu/ComputerScience_Project/install/turtlebot3_manipulation_description/share/turtlebot3_manipulation_description/meshes/open_manipulator_x/gripper_right_palm.stl
[1.426s] -- Symlinking: /home/ubuntu/ComputerScience_Project/install/turtlebot3_manipulation_description/share/turtlebot3_manipulation_description/meshes/open_manipulator_x/link1.stl
[1.436s] -- Symlinking: /home/ubuntu/ComputerScience_Project/install/turtlebot3_manipulation_description/share/turtlebot3_manipulation_description/meshes/open_manipulator_x/link2.stl
[1.444s] -- Symlinking: /home/ubuntu/ComputerScience_Project/install/turtlebot3_manipulation_description/share/turtlebot3_manipulation_description/meshes/open_manipulator_x/link3.stl
[1.455s] -- Symlinking: /home/ubuntu/ComputerScience_Project/install/turtlebot3_manipulation_description/share/turtlebot3_manipulation_description/meshes/open_manipulator_x/link4.stl
[1.464s] -- Symlinking: /home/ubuntu/ComputerScience_Project/install/turtlebot3_manipulation_description/share/turtlebot3_manipulation_description/meshes/open_manipulator_x/link5.stl
[1.474s] -- Symlinking: /home/ubuntu/ComputerScience_Project/install/turtlebot3_manipulation_description/share/turtlebot3_manipulation_description/meshes/turtlebot3_waffle_pi/base.stl
[1.482s] -- Symlinking: /home/ubuntu/ComputerScience_Project/install/turtlebot3_manipulation_description/share/turtlebot3_manipulation_description/meshes/turtlebot3_waffle_pi/ladar.stl
[1.490s] -- Symlinking: /home/ubuntu/ComputerScience_Project/install/turtlebot3_manipulation_description/share/turtlebot3_manipulation_description/meshes/turtlebot3_waffle_pi/left_tire.stl
[1.498s] -- Symlinking: /home/ubuntu/ComputerScience_Project/install/turtlebot3_manipulation_description/share/turtlebot3_manipulation_description/meshes/turtlebot3_waffle_pi/right_tire.stl
[1.508s] -- Symlinking: /home/ubuntu/ComputerScience_Project/install/turtlebot3_manipulation_description/share/turtlebot3_manipulation_description/ros2_control/turtlebot3_manipulation_system.ros2_control.xacro
[1.518s] -- Symlinking: /home/ubuntu/ComputerScience_Project/install/turtlebot3_manipulation_description/share/turtlebot3_manipulation_description/environment/turtlebot3_manipulation_description.dsv
[1.528s] -- Symlinking: /home/ubuntu/ComputerScience_Project/install/turtlebot3_manipulation_description/share/ament_index/resource_index/package_run_dependencies/turtlebot3_manipulation_description
[1.539s] -- Symlinking: /home/ubuntu/ComputerScience_Project/install/turtlebot3_manipulation_description/share/ament_index/resource_index/parent_prefix_path/turtlebot3_manipulation_description
[1.549s] -- Symlinking: /home/ubuntu/ComputerScience_Project/install/turtlebot3_manipulation_description/share/turtlebot3_manipulation_description/environment/ament_prefix_path.sh
[1.561s] -- Symlinking: /home/ubuntu/ComputerScience_Project/install/turtlebot3_manipulation_description/share/turtlebot3_manipulation_description/environment/ament_prefix_path.dsv
[1.571s] -- Symlinking: /home/ubuntu/ComputerScience_Project/install/turtlebot3_manipulation_description/share/turtlebot3_manipulation_description/environment/path.sh
[1.580s] -- Symlinking: /home/ubuntu/ComputerScience_Project/install/turtlebot3_manipulation_description/share/turtlebot3_manipulation_description/environment/path.dsv
[1.588s] -- Symlinking: /home/ubuntu/ComputerScience_Project/install/turtlebot3_manipulation_description/share/turtlebot3_manipulation_description/local_setup.bash
[1.597s] -- Symlinking: /home/ubuntu/ComputerScience_Project/install/turtlebot3_manipulation_description/share/turtlebot3_manipulation_description/local_setup.sh
[1.606s] -- Symlinking: /home/ubuntu/ComputerScience_Project/install/turtlebot3_manipulation_description/share/turtlebot3_manipulation_description/local_setup.zsh
[1.615s] -- Symlinking: /home/ubuntu/ComputerScience_Project/install/turtlebot3_manipulation_description/share/turtlebot3_manipulation_description/local_setup.dsv
[1.623s] -- Symlinking: /home/ubuntu/ComputerScience_Project/install/turtlebot3_manipulation_description/share/turtlebot3_manipulation_description/package.dsv
[1.631s] -- Symlinking: /home/ubuntu/ComputerScience_Project/install/turtlebot3_manipulation_description/share/ament_index/resource_index/packages/turtlebot3_manipulation_description
[1.642s] -- Symlinking: /home/ubuntu/ComputerScience_Project/install/turtlebot3_manipulation_description/share/turtlebot3_manipulation_description/cmake/turtlebot3_manipulation_descriptionConfig.cmake
[1.651s] -- Symlinking: /home/ubuntu/ComputerScience_Project/install/turtlebot3_manipulation_description/share/turtlebot3_manipulation_description/cmake/turtlebot3_manipulation_descriptionConfig-version.cmake
[1.661s] -- Symlinking: /home/ubuntu/ComputerScience_Project/install/turtlebot3_manipulation_description/share/turtlebot3_manipulation_description/package.xml
[1.674s] Invoked command in '/home/ubuntu/ComputerScience_Project/build/turtlebot3_manipulation_description' returned '0': CMAKE_PREFIX_PATH=/opt/ros/humble /usr/bin/cmake --install /home/ubuntu/ComputerScience_Project/build/turtlebot3_manipulation_description
