[0.028s] Invoking command in '/home/ubuntu/ComputerScience_Project/build/turtlebot3_manipulation_navigation2': CMAKE_PREFIX_PATH=/opt/ros/humble /usr/bin/cmake /home/ubuntu/ComputerScience_Project/src/turtlebot3_manipulation/turtlebot3_manipulation_navigation2 -DAMENT_CMAKE_SYMLINK_INSTALL=1 -DCMAKE_INSTALL_PREFIX=/home/ubuntu/ComputerScience_Project/install/turtlebot3_manipulation_navigation2
[0.262s] -- The C compiler identification is GNU 11.4.0
[0.438s] -- The CXX compiler identification is GNU 11.4.0
[0.453s] -- Detecting C compiler ABI info
[0.553s] -- Detecting C compiler ABI info - done
[0.566s] -- Check for working C compiler: /usr/bin/cc - skipped
[0.566s] -- Detecting C compile features
[0.568s] -- Detecting C compile features - done
[0.573s] -- Detecting CXX compiler ABI info
[0.673s] -- Detecting CXX compiler ABI info - done
[0.684s] -- Check for working CXX compiler: /usr/bin/c++ - skipped
[0.685s] -- Detecting CXX compile features
[0.685s] -- Detecting CXX compile features - done
[0.710s] -- Found ament_cmake: 1.3.10 (/opt/ros/humble/share/ament_cmake/cmake)
[0.935s] -- Found Python3: /usr/bin/python3 (found version "3.10.12") found components: Interpreter 
[1.029s] -- Override CMake install command with custom implementation using symlinks instead of copying resources
[1.204s] -- Configuring done
[1.210s] -- Generating done
[1.213s] -- Build files have been written to: /home/ubuntu/ComputerScience_Project/build/turtlebot3_manipulation_navigation2
[1.222s] Invoked command in '/home/ubuntu/ComputerScience_Project/build/turtlebot3_manipulation_navigation2' returned '0': CMAKE_PREFIX_PATH=/opt/ros/humble /usr/bin/cmake /home/ubuntu/ComputerScience_Project/src/turtlebot3_manipulation/turtlebot3_manipulation_navigation2 -DAMENT_CMAKE_SYMLINK_INSTALL=1 -DCMAKE_INSTALL_PREFIX=/home/ubuntu/ComputerScience_Project/install/turtlebot3_manipulation_navigation2
[1.223s] Invoking command in '/home/ubuntu/ComputerScience_Project/build/turtlebot3_manipulation_navigation2': CMAKE_PREFIX_PATH=/opt/ros/humble /usr/bin/cmake --build /home/ubuntu/ComputerScience_Project/build/turtlebot3_manipulation_navigation2 -- -j8 -l8
[1.263s] Invoked command in '/home/ubuntu/ComputerScience_Project/build/turtlebot3_manipulation_navigation2' returned '0': CMAKE_PREFIX_PATH=/opt/ros/humble /usr/bin/cmake --build /home/ubuntu/ComputerScience_Project/build/turtlebot3_manipulation_navigation2 -- -j8 -l8
[1.293s] Invoking command in '/home/ubuntu/ComputerScience_Project/build/turtlebot3_manipulation_navigation2': CMAKE_PREFIX_PATH=/opt/ros/humble /usr/bin/cmake --install /home/ubuntu/ComputerScience_Project/build/turtlebot3_manipulation_navigation2
[1.301s] -- Install configuration: ""
[1.301s] -- Execute custom install script
[1.303s] -- Symlinking: /home/ubuntu/ComputerScience_Project/install/turtlebot3_manipulation_navigation2/share/turtlebot3_manipulation_navigation2/launch/navigation2.launch.py
[1.313s] -- Symlinking: /home/ubuntu/ComputerScience_Project/install/turtlebot3_manipulation_navigation2/share/turtlebot3_manipulation_navigation2/launch/navigation2_use_sim_time.launch.py
[1.323s] -- Symlinking: /home/ubuntu/ComputerScience_Project/install/turtlebot3_manipulation_navigation2/share/turtlebot3_manipulation_navigation2/map/turtlebot3_world.pgm
[1.333s] -- Symlinking: /home/ubuntu/ComputerScience_Project/install/turtlebot3_manipulation_navigation2/share/turtlebot3_manipulation_navigation2/map/turtlebot3_world.yaml
[1.344s] -- Symlinking: /home/ubuntu/ComputerScience_Project/install/turtlebot3_manipulation_navigation2/share/turtlebot3_manipulation_navigation2/param/turtlebot3.yaml
[1.354s] -- Symlinking: /home/ubuntu/ComputerScience_Project/install/turtlebot3_manipulation_navigation2/share/turtlebot3_manipulation_navigation2/param/turtlebot3_use_sim_time.yaml
[1.365s] -- Symlinking: /home/ubuntu/ComputerScience_Project/install/turtlebot3_manipulation_navigation2/share/turtlebot3_manipulation_navigation2/rviz/navigation2.rviz
[1.374s] -- Symlinking: /home/ubuntu/ComputerScience_Project/install/turtlebot3_manipulation_navigation2/share/ament_index/resource_index/package_run_dependencies/turtlebot3_manipulation_navigation2
[1.383s] -- Symlinking: /home/ubuntu/ComputerScience_Project/install/turtlebot3_manipulation_navigation2/share/ament_index/resource_index/parent_prefix_path/turtlebot3_manipulation_navigation2
[1.393s] -- Symlinking: /home/ubuntu/ComputerScience_Project/install/turtlebot3_manipulation_navigation2/share/turtlebot3_manipulation_navigation2/environment/ament_prefix_path.sh
[1.402s] -- Symlinking: /home/ubuntu/ComputerScience_Project/install/turtlebot3_manipulation_navigation2/share/turtlebot3_manipulation_navigation2/environment/ament_prefix_path.dsv
[1.410s] -- Symlinking: /home/ubuntu/ComputerScience_Project/install/turtlebot3_manipulation_navigation2/share/turtlebot3_manipulation_navigation2/environment/path.sh
[1.419s] -- Symlinking: /home/ubuntu/ComputerScience_Project/install/turtlebot3_manipulation_navigation2/share/turtlebot3_manipulation_navigation2/environment/path.dsv
[1.430s] -- Symlinking: /home/ubuntu/ComputerScience_Project/install/turtlebot3_manipulation_navigation2/share/turtlebot3_manipulation_navigation2/local_setup.bash
[1.439s] -- Symlinking: /home/ubuntu/ComputerScience_Project/install/turtlebot3_manipulation_navigation2/share/turtlebot3_manipulation_navigation2/local_setup.sh
[1.449s] -- Symlinking: /home/ubuntu/ComputerScience_Project/install/turtlebot3_manipulation_navigation2/share/turtlebot3_manipulation_navigation2/local_setup.zsh
[1.459s] -- Symlinking: /home/ubuntu/ComputerScience_Project/install/turtlebot3_manipulation_navigation2/share/turtlebot3_manipulation_navigation2/local_setup.dsv
[1.467s] -- Symlinking: /home/ubuntu/ComputerScience_Project/install/turtlebot3_manipulation_navigation2/share/turtlebot3_manipulation_navigation2/package.dsv
[1.479s] -- Symlinking: /home/ubuntu/ComputerScience_Project/install/turtlebot3_manipulation_navigation2/share/ament_index/resource_index/packages/turtlebot3_manipulation_navigation2
[1.488s] -- Symlinking: /home/ubuntu/ComputerScience_Project/install/turtlebot3_manipulation_navigation2/share/turtlebot3_manipulation_navigation2/cmake/turtlebot3_manipulation_navigation2Config.cmake
[1.498s] -- Symlinking: /home/ubuntu/ComputerScience_Project/install/turtlebot3_manipulation_navigation2/share/turtlebot3_manipulation_navigation2/cmake/turtlebot3_manipulation_navigation2Config-version.cmake
[1.509s] -- Symlinking: /home/ubuntu/ComputerScience_Project/install/turtlebot3_manipulation_navigation2/share/turtlebot3_manipulation_navigation2/package.xml
[1.522s] Invoked command in '/home/ubuntu/ComputerScience_Project/build/turtlebot3_manipulation_navigation2' returned '0': CMAKE_PREFIX_PATH=/opt/ros/humble /usr/bin/cmake --install /home/ubuntu/ComputerScience_Project/build/turtlebot3_manipulation_navigation2
