[0.049s] Invoking command in '/home/ubuntu/ComputerScience_Project/build/turtlebot3_manipulation': CMAKE_PREFIX_PATH=/home/ubuntu/ComputerScience_Project/install/turtlebot3_manipulation_teleop:/home/ubuntu/ComputerScience_Project/install/turtlebot3_manipulation_moveit_config:/home/ubuntu/ComputerScience_Project/install/turtlebot3_manipulation_bringup:/home/ubuntu/ComputerScience_Project/install/turtlebot3_manipulation_navigation2:/home/ubuntu/ComputerScience_Project/install/turtlebot3_manipulation_hardware:/home/ubuntu/ComputerScience_Project/install/turtlebot3_manipulation_description:/home/ubuntu/ComputerScience_Project/install/turtlebot3_manipulation_cartographer:/home/ubuntu/ComputerScience_Project/install/turtlebot3_manipulation:/opt/ros/humble /usr/bin/cmake --build /home/ubuntu/ComputerScience_Project/build/turtlebot3_manipulation -- -j8 -l8
[0.139s] Invoked command in '/home/ubuntu/ComputerScience_Project/build/turtlebot3_manipulation' returned '0': CMAKE_PREFIX_PATH=/home/ubuntu/ComputerScience_Project/install/turtlebot3_manipulation_teleop:/home/ubuntu/ComputerScience_Project/install/turtlebot3_manipulation_moveit_config:/home/ubuntu/ComputerScience_Project/install/turtlebot3_manipulation_bringup:/home/ubuntu/ComputerScience_Project/install/turtlebot3_manipulation_navigation2:/home/ubuntu/ComputerScience_Project/install/turtlebot3_manipulation_hardware:/home/ubuntu/ComputerScience_Project/install/turtlebot3_manipulation_description:/home/ubuntu/ComputerScience_Project/install/turtlebot3_manipulation_cartographer:/home/ubuntu/ComputerScience_Project/install/turtlebot3_manipulation:/opt/ros/humble /usr/bin/cmake --build /home/ubuntu/ComputerScience_Project/build/turtlebot3_manipulation -- -j8 -l8
[0.187s] Invoking command in '/home/ubuntu/ComputerScience_Project/build/turtlebot3_manipulation': CMAKE_PREFIX_PATH=/home/ubuntu/ComputerScience_Project/install/turtlebot3_manipulation_teleop:/home/ubuntu/ComputerScience_Project/install/turtlebot3_manipulation_moveit_config:/home/ubuntu/ComputerScience_Project/install/turtlebot3_manipulation_bringup:/home/ubuntu/ComputerScience_Project/install/turtlebot3_manipulation_navigation2:/home/ubuntu/ComputerScience_Project/install/turtlebot3_manipulation_hardware:/home/ubuntu/ComputerScience_Project/install/turtlebot3_manipulation_description:/home/ubuntu/ComputerScience_Project/install/turtlebot3_manipulation_cartographer:/home/ubuntu/ComputerScience_Project/install/turtlebot3_manipulation:/opt/ros/humble /usr/bin/cmake --install /home/ubuntu/ComputerScience_Project/build/turtlebot3_manipulation
[0.201s] -- Install configuration: ""
[0.203s] -- Execute custom install script
[0.204s] -- Up-to-date symlink: /home/ubuntu/ComputerScience_Project/install/turtlebot3_manipulation/share/ament_index/resource_index/package_run_dependencies/turtlebot3_manipulation
[0.205s] -- Up-to-date symlink: /home/ubuntu/ComputerScience_Project/install/turtlebot3_manipulation/share/ament_index/resource_index/parent_prefix_path/turtlebot3_manipulation
[0.206s] -- Up-to-date symlink: /home/ubuntu/ComputerScience_Project/install/turtlebot3_manipulation/share/turtlebot3_manipulation/environment/ament_prefix_path.sh
[0.207s] -- Up-to-date symlink: /home/ubuntu/ComputerScience_Project/install/turtlebot3_manipulation/share/turtlebot3_manipulation/environment/ament_prefix_path.dsv
[0.209s] -- Up-to-date symlink: /home/ubuntu/ComputerScience_Project/install/turtlebot3_manipulation/share/turtlebot3_manipulation/environment/path.sh
[0.212s] -- Up-to-date symlink: /home/ubuntu/ComputerScience_Project/install/turtlebot3_manipulation/share/turtlebot3_manipulation/environment/path.dsv
[0.213s] -- Up-to-date symlink: /home/ubuntu/ComputerScience_Project/install/turtlebot3_manipulation/share/turtlebot3_manipulation/local_setup.bash
[0.213s] -- Up-to-date symlink: /home/ubuntu/ComputerScience_Project/install/turtlebot3_manipulation/share/turtlebot3_manipulation/local_setup.sh
[0.215s] -- Up-to-date symlink: /home/ubuntu/ComputerScience_Project/install/turtlebot3_manipulation/share/turtlebot3_manipulation/local_setup.zsh
[0.216s] -- Up-to-date symlink: /home/ubuntu/ComputerScience_Project/install/turtlebot3_manipulation/share/turtlebot3_manipulation/local_setup.dsv
[0.230s] -- Symlinking: /home/ubuntu/ComputerScience_Project/install/turtlebot3_manipulation/share/turtlebot3_manipulation/package.dsv
[0.244s] -- Up-to-date symlink: /home/ubuntu/ComputerScience_Project/install/turtlebot3_manipulation/share/ament_index/resource_index/packages/turtlebot3_manipulation
[0.245s] -- Up-to-date symlink: /home/ubuntu/ComputerScience_Project/install/turtlebot3_manipulation/share/turtlebot3_manipulation/cmake/turtlebot3_manipulationConfig.cmake
[0.247s] -- Up-to-date symlink: /home/ubuntu/ComputerScience_Project/install/turtlebot3_manipulation/share/turtlebot3_manipulation/cmake/turtlebot3_manipulationConfig-version.cmake
[0.247s] -- Up-to-date symlink: /home/ubuntu/ComputerScience_Project/install/turtlebot3_manipulation/share/turtlebot3_manipulation/package.xml
[0.254s] Invoked command in '/home/ubuntu/ComputerScience_Project/build/turtlebot3_manipulation' returned '0': CMAKE_PREFIX_PATH=/home/ubuntu/ComputerScience_Project/install/turtlebot3_manipulation_teleop:/home/ubuntu/ComputerScience_Project/install/turtlebot3_manipulation_moveit_config:/home/ubuntu/ComputerScience_Project/install/turtlebot3_manipulation_bringup:/home/ubuntu/ComputerScience_Project/install/turtlebot3_manipulation_navigation2:/home/ubuntu/ComputerScience_Project/install/turtlebot3_manipulation_hardware:/home/ubuntu/ComputerScience_Project/install/turtlebot3_manipulation_description:/home/ubuntu/ComputerScience_Project/install/turtlebot3_manipulation_cartographer:/home/ubuntu/ComputerScience_Project/install/turtlebot3_manipulation:/opt/ros/humble /usr/bin/cmake --install /home/ubuntu/ComputerScience_Project/build/turtlebot3_manipulation
