[0.047s] Invoking command in '/home/ubuntu/ComputerScience_Project/build/turtlebot3_gazebo': CMAKE_PREFIX_PATH=${CMAKE_PREFIX_PATH}:/opt/ros/humble /usr/bin/cmake /home/ubuntu/ComputerScience_Project/turtlebot3_simulations/turtlebot3_gazebo -DAMENT_CMAKE_SYMLINK_INSTALL=1 -DCMAKE_INSTALL_PREFIX=/home/ubuntu/ComputerScience_Project/install/turtlebot3_gazebo
[0.350s] -- The C compiler identification is GNU 11.4.0
[0.552s] -- The CXX compiler identification is GNU 11.4.0
[0.578s] -- Detecting C compiler ABI info
[0.696s] -- Detecting C compiler ABI info - done
[0.708s] -- Check for working C compiler: /usr/bin/cc - skipped
[0.709s] -- Detecting C compile features
[0.710s] -- Detecting C compile features - done
[0.717s] -- Detecting CXX compiler ABI info
[0.838s] -- Detecting CXX compiler ABI info - done
[0.847s] -- Check for working CXX compiler: /usr/bin/c++ - skipped
[0.847s] -- Detecting CXX compile features
[0.848s] -- Detecting CXX compile features - done
[0.861s] -- Found ament_cmake: 1.3.10 (/opt/ros/humble/share/ament_cmake/cmake)
[1.094s] -- Found Python3: /usr/bin/python3 (found version "3.10.12") found components: Interpreter 
[1.207s] -- Override CMake install command with custom implementation using symlinks instead of copying resources
[1.309s] [33mCMake Warning (dev) at /usr/share/cmake-3.22/Modules/FindPackageHandleStandardArgs.cmake:438 (message):
[1.309s]   The package name passed to `find_package_handle_standard_args` (PkgConfig)
[1.309s]   does not match the name of the calling package (gazebo).  This can lead to
[1.309s]   problems in calling code that expects `find_package` result variables
[1.309s]   (e.g., `_FOUND`) to follow a certain pattern.
[1.309s] Call Stack (most recent call first):
[1.310s]   /usr/share/cmake-3.22/Modules/FindPkgConfig.cmake:99 (find_package_handle_standard_args)
[1.310s]   /usr/lib/x86_64-linux-gnu/cmake/gazebo/gazebo-config.cmake:72 (include)
[1.310s]   CMakeLists.txt:23 (find_package)
[1.310s] This warning is for project developers.  Use -Wno-dev to suppress it.
[1.310s] [0m
[1.310s] -- Found PkgConfig: /usr/bin/pkg-config (found version "0.29.2") 
[1.327s] -- Checking for module 'bullet>=2.82'
[1.349s] --   Found bullet, version 3.05
[1.516s] -- Found fcl: /usr/include (found suitable version "0.7.0", minimum required is "0.5.0") 
[1.567s] -- Found assimp: /usr/include (found version "5.2.0") 
[1.614s] -- Found DART: /usr/include (Required is at least version "6.6") found components: dart 
[1.850s] -- Found Boost: /usr/lib/x86_64-linux-gnu/cmake/Boost-1.74.0/BoostConfig.cmake (found suitable version "1.74.0", minimum required is "1.40.0") found components: thread system filesystem program_options regex iostreams date_time 
[1.890s] -- Found Protobuf: /usr/lib/x86_64-linux-gnu/libprotobuf.so (found version "3.12.4") 
[1.903s] -- Looking for ignition-math6 -- found version 6.15.1
[1.922s] -- Searching for dependencies of ignition-math6
[1.929s] -- Looking for OGRE...
[1.929s] -- OGRE_PREFIX_WATCH changed.
[1.934s] -- Checking for module 'OGRE'
[1.946s] --   Found OGRE, version 1.9.0
[1.978s] -- Found Ogre Ghadamon (1.9.0)
[1.993s] -- Found OGRE: optimized;/usr/lib/x86_64-linux-gnu/libOgreMain.so;debug;/usr/lib/x86_64-linux-gnu/libOgreMain.so
[2.007s] -- Looking for OGRE_Paging...
[2.015s] -- Found OGRE_Paging: optimized;/usr/lib/x86_64-linux-gnu/libOgrePaging.so;debug;/usr/lib/x86_64-linux-gnu/libOgrePaging.so
[2.015s] -- Looking for OGRE_Terrain...
[2.024s] -- Found OGRE_Terrain: optimized;/usr/lib/x86_64-linux-gnu/libOgreTerrain.so;debug;/usr/lib/x86_64-linux-gnu/libOgreTerrain.so
[2.024s] -- Looking for OGRE_Property...
[2.032s] -- Found OGRE_Property: optimized;/usr/lib/x86_64-linux-gnu/libOgreProperty.so;debug;/usr/lib/x86_64-linux-gnu/libOgreProperty.so
[2.032s] -- Looking for OGRE_RTShaderSystem...
[2.041s] -- Found OGRE_RTShaderSystem: optimized;/usr/lib/x86_64-linux-gnu/libOgreRTShaderSystem.so;debug;/usr/lib/x86_64-linux-gnu/libOgreRTShaderSystem.so
[2.041s] -- Looking for OGRE_Volume...
[2.051s] -- Found OGRE_Volume: optimized;/usr/lib/x86_64-linux-gnu/libOgreVolume.so;debug;/usr/lib/x86_64-linux-gnu/libOgreVolume.so
[2.051s] -- Looking for OGRE_Overlay...
[2.062s] -- Found OGRE_Overlay: optimized;/usr/lib/x86_64-linux-gnu/libOgreOverlay.so;debug;/usr/lib/x86_64-linux-gnu/libOgreOverlay.so
[2.242s] -- Looking for ignition-math6 -- found version 6.15.1
[2.248s] -- Looking for ignition-transport8 -- found version 8.2.1
[2.248s] -- Searching for dependencies of ignition-transport8
[2.276s] -- Found Protobuf: /usr/lib/x86_64-linux-gnu/libprotobuf.so (found suitable version "3.12.4", minimum required is "3") 
[2.297s] -- Config-file not installed for ZeroMQ -- checking for pkg-config
[2.301s] -- Checking for module 'libzmq >= 4'
[2.318s] --   Found libzmq , version 4.3.4
[2.351s] -- Found ZeroMQ: TRUE (Required is at least version "4") 
[2.359s] -- Checking for module 'uuid'
[2.373s] --   Found uuid, version 2.37.2
[2.404s] -- Found UUID: TRUE  
[2.409s] -- Looking for ignition-msgs5 -- found version 5.8.1
[2.410s] -- Searching for dependencies of ignition-msgs5
[2.439s] -- Looking for ignition-math6 -- found version 6.15.1
[2.444s] -- Checking for module 'tinyxml2'
[2.460s] --   Found tinyxml2, version 9.0.0
[2.496s] -- Looking for ignition-msgs5 -- found version 5.8.1
[2.503s] -- Looking for ignition-common3 -- found version 3.14.0
[2.504s] -- Searching for dependencies of ignition-common3
[2.505s] -- Looking for dlfcn.h - found
[2.506s] -- Looking for libdl - found
[2.508s] -- Found DL: TRUE  
[2.524s] -- Found tinyobjloader: /usr/lib/x86_64-linux-gnu/cmake/tinyobjloader/tinyobjloader-config.cmake (found version "2.0.0") 
[2.526s] -- Searching for <ignition-common3> component [graphics]
[2.531s] -- Looking for ignition-common3-graphics -- found version 3.14.0
[2.532s] -- Searching for dependencies of ignition-common3-graphics
[2.532s] -- Looking for ignition-math6 -- found version 6.15.1
[2.542s] -- Looking for ignition-fuel_tools4 -- found version 4.4.0
[2.542s] -- Searching for dependencies of ignition-fuel_tools4
[2.632s] -- Found CURL: /usr/lib/x86_64-linux-gnu/libcurl.so (found version "7.81.0")  
[2.647s] -- Checking for module 'jsoncpp'
[2.662s] --   Found jsoncpp, version 1.9.5
[2.694s] -- Found JSONCPP: TRUE  
[2.701s] -- Checking for module 'libzip'
[2.716s] --   Found libzip, version 1.7.3
[2.748s] -- Found ZIP: TRUE  
[2.748s] -- Looking for ignition-common3 -- found version 3.14.0
[2.749s] -- Looking for ignition-math6 -- found version 6.15.1
[2.749s] -- Looking for ignition-msgs5 -- found version 5.8.1
[2.764s] -- Found gazebo_ros_pkgs: 3.7.0 (/opt/ros/humble/share/gazebo_ros_pkgs/cmake)
[2.767s] -- Found geometry_msgs: 4.2.4 (/opt/ros/humble/share/geometry_msgs/cmake)
[2.819s] -- Found rosidl_generator_c: 3.1.5 (/opt/ros/humble/share/rosidl_generator_c/cmake)
[2.829s] -- Found rosidl_adapter: 3.1.5 (/opt/ros/humble/share/rosidl_adapter/cmake)
[2.845s] -- Found rosidl_generator_cpp: 3.1.5 (/opt/ros/humble/share/rosidl_generator_cpp/cmake)
[2.870s] -- Using all available rosidl_typesupport_c: rosidl_typesupport_fastrtps_c;rosidl_typesupport_introspection_c
[2.896s] -- Using all available rosidl_typesupport_cpp: rosidl_typesupport_fastrtps_cpp;rosidl_typesupport_introspection_cpp
[2.953s] -- Found nav_msgs: 4.2.4 (/opt/ros/humble/share/nav_msgs/cmake)
[2.980s] -- Found rclcpp: 16.0.10 (/opt/ros/humble/share/rclcpp/cmake)
[3.050s] -- Found rmw_implementation_cmake: 6.1.2 (/opt/ros/humble/share/rmw_implementation_cmake/cmake)
[3.057s] -- Found rmw_fastrtps_cpp: 6.2.7 (/opt/ros/humble/share/rmw_fastrtps_cpp/cmake)
[3.197s] -- Found OpenSSL: /usr/lib/x86_64-linux-gnu/libcrypto.so (found version "3.0.2")  
[3.249s] -- Found FastRTPS: /opt/ros/humble/include  
[3.349s] -- Using RMW implementation 'rmw_fastrtps_cpp' as default
[3.375s] -- Found Threads: TRUE  
[3.456s] -- Found sensor_msgs: 4.2.4 (/opt/ros/humble/share/sensor_msgs/cmake)
[3.505s] -- Found tf2: 0.25.8 (/opt/ros/humble/share/tf2/cmake)
[3.698s] -- Configuring done
[3.862s] -- Generating done
[3.873s] -- Build files have been written to: /home/ubuntu/ComputerScience_Project/build/turtlebot3_gazebo
[3.902s] Invoked command in '/home/ubuntu/ComputerScience_Project/build/turtlebot3_gazebo' returned '0': CMAKE_PREFIX_PATH=${CMAKE_PREFIX_PATH}:/opt/ros/humble /usr/bin/cmake /home/ubuntu/ComputerScience_Project/turtlebot3_simulations/turtlebot3_gazebo -DAMENT_CMAKE_SYMLINK_INSTALL=1 -DCMAKE_INSTALL_PREFIX=/home/ubuntu/ComputerScience_Project/install/turtlebot3_gazebo
[3.908s] Invoking command in '/home/ubuntu/ComputerScience_Project/build/turtlebot3_gazebo': CMAKE_PREFIX_PATH=${CMAKE_PREFIX_PATH}:/opt/ros/humble /usr/bin/cmake --build /home/ubuntu/ComputerScience_Project/build/turtlebot3_gazebo -- -j8 -l8
[4.004s] [ 12%] [32mBuilding CXX object CMakeFiles/obstacle2.dir/models/turtlebot3_dqn_world/obstacle_plugin/obstacle2.cc.o[0m
[4.010s] [ 25%] [32mBuilding CXX object CMakeFiles/obstacle1.dir/models/turtlebot3_dqn_world/obstacle_plugin/obstacle1.cc.o[0m
[4.011s] [ 37%] [32mBuilding CXX object CMakeFiles/turtlebot3_drive.dir/src/turtlebot3_drive.cpp.o[0m
[4.012s] [ 50%] [32mBuilding CXX object CMakeFiles/obstacles.dir/models/turtlebot3_dqn_world/obstacle_plugin/obstacles.cc.o[0m
[46.842s] [ 62%] [32m[1mLinking CXX executable turtlebot3_drive[0m
[47.613s] [ 75%] [32m[1mLinking CXX shared library libobstacle1.so[0m
[47.666s] [ 87%] [32m[1mLinking CXX shared library libobstacles.so[0m
[47.734s] [100%] [32m[1mLinking CXX shared library libobstacle2.so[0m
[48.332s] [100%] Built target obstacle1
[48.339s] [100%] Built target obstacle2
[48.349s] [100%] Built target obstacles
[48.415s] [100%] Built target turtlebot3_drive
[48.443s] Invoked command in '/home/ubuntu/ComputerScience_Project/build/turtlebot3_gazebo' returned '0': CMAKE_PREFIX_PATH=${CMAKE_PREFIX_PATH}:/opt/ros/humble /usr/bin/cmake --build /home/ubuntu/ComputerScience_Project/build/turtlebot3_gazebo -- -j8 -l8
[48.528s] Invoking command in '/home/ubuntu/ComputerScience_Project/build/turtlebot3_gazebo': CMAKE_PREFIX_PATH=${CMAKE_PREFIX_PATH}:/opt/ros/humble /usr/bin/cmake --install /home/ubuntu/ComputerScience_Project/build/turtlebot3_gazebo
[48.543s] -- Install configuration: ""
[48.544s] -- Execute custom install script
[48.547s] -- Symlinking: /home/ubuntu/ComputerScience_Project/install/turtlebot3_gazebo/lib/turtlebot3_gazebo/turtlebot3_drive
[48.568s] -- Symlinking: /home/ubuntu/ComputerScience_Project/install/turtlebot3_gazebo/share/turtlebot3_gazebo//launch/empty_world.launch.py
[48.585s] -- Symlinking: /home/ubuntu/ComputerScience_Project/install/turtlebot3_gazebo/share/turtlebot3_gazebo//launch/robot_state_publisher.launch.py
[48.603s] -- Symlinking: /home/ubuntu/ComputerScience_Project/install/turtlebot3_gazebo/share/turtlebot3_gazebo//launch/spawn_turtlebot3.launch.py
[48.621s] -- Symlinking: /home/ubuntu/ComputerScience_Project/install/turtlebot3_gazebo/share/turtlebot3_gazebo//launch/turtlebot3_dqn_stage1.launch.py
[48.640s] -- Symlinking: /home/ubuntu/ComputerScience_Project/install/turtlebot3_gazebo/share/turtlebot3_gazebo//launch/turtlebot3_dqn_stage2.launch.py
[48.663s] -- Symlinking: /home/ubuntu/ComputerScience_Project/install/turtlebot3_gazebo/share/turtlebot3_gazebo//launch/turtlebot3_dqn_stage3.launch.py
[48.682s] -- Symlinking: /home/ubuntu/ComputerScience_Project/install/turtlebot3_gazebo/share/turtlebot3_gazebo//launch/turtlebot3_dqn_stage4.launch.py
[48.702s] -- Symlinking: /home/ubuntu/ComputerScience_Project/install/turtlebot3_gazebo/share/turtlebot3_gazebo//launch/turtlebot3_house.launch.py
[48.724s] -- Symlinking: /home/ubuntu/ComputerScience_Project/install/turtlebot3_gazebo/share/turtlebot3_gazebo//launch/turtlebot3_world.launch.py
[48.751s] -- Symlinking: /home/ubuntu/ComputerScience_Project/install/turtlebot3_gazebo/share/turtlebot3_gazebo//models/turtlebot3_burger/model-1_4.sdf
[48.769s] -- Symlinking: /home/ubuntu/ComputerScience_Project/install/turtlebot3_gazebo/share/turtlebot3_gazebo//models/turtlebot3_burger/model.config
[48.786s] -- Symlinking: /home/ubuntu/ComputerScience_Project/install/turtlebot3_gazebo/share/turtlebot3_gazebo//models/turtlebot3_burger/model.sdf
[48.807s] -- Symlinking: /home/ubuntu/ComputerScience_Project/install/turtlebot3_gazebo/share/turtlebot3_gazebo//models/turtlebot3_common/meshes/burger_base.dae
[48.824s] -- Symlinking: /home/ubuntu/ComputerScience_Project/install/turtlebot3_gazebo/share/turtlebot3_gazebo//models/turtlebot3_common/meshes/lds.dae
[48.840s] -- Symlinking: /home/ubuntu/ComputerScience_Project/install/turtlebot3_gazebo/share/turtlebot3_gazebo//models/turtlebot3_common/meshes/r200.dae
[48.857s] -- Symlinking: /home/ubuntu/ComputerScience_Project/install/turtlebot3_gazebo/share/turtlebot3_gazebo//models/turtlebot3_common/meshes/tire.dae
[48.887s] -- Symlinking: /home/ubuntu/ComputerScience_Project/install/turtlebot3_gazebo/share/turtlebot3_gazebo//models/turtlebot3_common/meshes/waffle_base.dae
[48.907s] -- Symlinking: /home/ubuntu/ComputerScience_Project/install/turtlebot3_gazebo/share/turtlebot3_gazebo//models/turtlebot3_common/meshes/waffle_pi_base.dae
[48.924s] -- Symlinking: /home/ubuntu/ComputerScience_Project/install/turtlebot3_gazebo/share/turtlebot3_gazebo//models/turtlebot3_common/model.config
[48.941s] -- Symlinking: /home/ubuntu/ComputerScience_Project/install/turtlebot3_gazebo/share/turtlebot3_gazebo//models/turtlebot3_dqn_world/goal_box/model.config
[48.958s] -- Symlinking: /home/ubuntu/ComputerScience_Project/install/turtlebot3_gazebo/share/turtlebot3_gazebo//models/turtlebot3_dqn_world/goal_box/model.sdf
[48.976s] -- Symlinking: /home/ubuntu/ComputerScience_Project/install/turtlebot3_gazebo/share/turtlebot3_gazebo//models/turtlebot3_dqn_world/inner_walls/model.config
[48.995s] -- Symlinking: /home/ubuntu/ComputerScience_Project/install/turtlebot3_gazebo/share/turtlebot3_gazebo//models/turtlebot3_dqn_world/inner_walls/model.sdf
[49.013s] -- Symlinking: /home/ubuntu/ComputerScience_Project/install/turtlebot3_gazebo/share/turtlebot3_gazebo//models/turtlebot3_dqn_world/model.config
[49.033s] -- Symlinking: /home/ubuntu/ComputerScience_Project/install/turtlebot3_gazebo/share/turtlebot3_gazebo//models/turtlebot3_dqn_world/model.sdf
[49.056s] -- Symlinking: /home/ubuntu/ComputerScience_Project/install/turtlebot3_gazebo/share/turtlebot3_gazebo//models/turtlebot3_dqn_world/obstacle1/model.config
[49.079s] -- Symlinking: /home/ubuntu/ComputerScience_Project/install/turtlebot3_gazebo/share/turtlebot3_gazebo//models/turtlebot3_dqn_world/obstacle1/model.sdf
[49.102s] -- Symlinking: /home/ubuntu/ComputerScience_Project/install/turtlebot3_gazebo/share/turtlebot3_gazebo//models/turtlebot3_dqn_world/obstacle2/model.config
[49.121s] -- Symlinking: /home/ubuntu/ComputerScience_Project/install/turtlebot3_gazebo/share/turtlebot3_gazebo//models/turtlebot3_dqn_world/obstacle2/model.sdf
[49.139s] -- Symlinking: /home/ubuntu/ComputerScience_Project/install/turtlebot3_gazebo/share/turtlebot3_gazebo//models/turtlebot3_dqn_world/obstacle_plugin/CMakeLists.txt
[49.163s] -- Symlinking: /home/ubuntu/ComputerScience_Project/install/turtlebot3_gazebo/share/turtlebot3_gazebo//models/turtlebot3_dqn_world/obstacle_plugin/obstacle1.cc
[49.183s] -- Symlinking: /home/ubuntu/ComputerScience_Project/install/turtlebot3_gazebo/share/turtlebot3_gazebo//models/turtlebot3_dqn_world/obstacle_plugin/obstacle2.cc
[49.208s] -- Symlinking: /home/ubuntu/ComputerScience_Project/install/turtlebot3_gazebo/share/turtlebot3_gazebo//models/turtlebot3_dqn_world/obstacle_plugin/obstacles.cc
[49.229s] -- Symlinking: /home/ubuntu/ComputerScience_Project/install/turtlebot3_gazebo/share/turtlebot3_gazebo//models/turtlebot3_dqn_world/obstacles/model.config
[49.254s] -- Symlinking: /home/ubuntu/ComputerScience_Project/install/turtlebot3_gazebo/share/turtlebot3_gazebo//models/turtlebot3_dqn_world/obstacles/model.sdf
[49.277s] -- Symlinking: /home/ubuntu/ComputerScience_Project/install/turtlebot3_gazebo/share/turtlebot3_gazebo//models/turtlebot3_house/model.config
[49.301s] -- Symlinking: /home/ubuntu/ComputerScience_Project/install/turtlebot3_gazebo/share/turtlebot3_gazebo//models/turtlebot3_house/model.sdf
[49.321s] -- Symlinking: /home/ubuntu/ComputerScience_Project/install/turtlebot3_gazebo/share/turtlebot3_gazebo//models/turtlebot3_waffle/model-1_4.sdf
[49.345s] -- Symlinking: /home/ubuntu/ComputerScience_Project/install/turtlebot3_gazebo/share/turtlebot3_gazebo//models/turtlebot3_waffle/model.config
[49.370s] -- Symlinking: /home/ubuntu/ComputerScience_Project/install/turtlebot3_gazebo/share/turtlebot3_gazebo//models/turtlebot3_waffle/model.sdf
[49.387s] -- Symlinking: /home/ubuntu/ComputerScience_Project/install/turtlebot3_gazebo/share/turtlebot3_gazebo//models/turtlebot3_waffle_pi/model-1_4_.sdf
[49.403s] -- Symlinking: /home/ubuntu/ComputerScience_Project/install/turtlebot3_gazebo/share/turtlebot3_gazebo//models/turtlebot3_waffle_pi/model.config
[49.419s] -- Symlinking: /home/ubuntu/ComputerScience_Project/install/turtlebot3_gazebo/share/turtlebot3_gazebo//models/turtlebot3_waffle_pi/model.sdf
[49.435s] -- Symlinking: /home/ubuntu/ComputerScience_Project/install/turtlebot3_gazebo/share/turtlebot3_gazebo//models/turtlebot3_world/meshes/hexagon.dae
[49.450s] -- Symlinking: /home/ubuntu/ComputerScience_Project/install/turtlebot3_gazebo/share/turtlebot3_gazebo//models/turtlebot3_world/meshes/wall.dae
[49.463s] -- Symlinking: /home/ubuntu/ComputerScience_Project/install/turtlebot3_gazebo/share/turtlebot3_gazebo//models/turtlebot3_world/model-1_4.sdf
[49.476s] -- Symlinking: /home/ubuntu/ComputerScience_Project/install/turtlebot3_gazebo/share/turtlebot3_gazebo//models/turtlebot3_world/model.config
[49.490s] -- Symlinking: /home/ubuntu/ComputerScience_Project/install/turtlebot3_gazebo/share/turtlebot3_gazebo//models/turtlebot3_world/model.sdf
[49.506s] -- Symlinking: /home/ubuntu/ComputerScience_Project/install/turtlebot3_gazebo/share/turtlebot3_gazebo//rviz/tb3_gazebo.rviz
[49.522s] -- Symlinking: /home/ubuntu/ComputerScience_Project/install/turtlebot3_gazebo/share/turtlebot3_gazebo//urdf/common_properties.urdf
[49.535s] -- Symlinking: /home/ubuntu/ComputerScience_Project/install/turtlebot3_gazebo/share/turtlebot3_gazebo//urdf/turtlebot3_burger.urdf
[49.551s] -- Symlinking: /home/ubuntu/ComputerScience_Project/install/turtlebot3_gazebo/share/turtlebot3_gazebo//urdf/turtlebot3_waffle.urdf
[49.566s] -- Symlinking: /home/ubuntu/ComputerScience_Project/install/turtlebot3_gazebo/share/turtlebot3_gazebo//urdf/turtlebot3_waffle_pi.urdf
[49.581s] -- Symlinking: /home/ubuntu/ComputerScience_Project/install/turtlebot3_gazebo/share/turtlebot3_gazebo//worlds/empty_world.world
[49.597s] -- Symlinking: /home/ubuntu/ComputerScience_Project/install/turtlebot3_gazebo/share/turtlebot3_gazebo//worlds/turtlebot3_dqn_stage1.world
[49.611s] -- Symlinking: /home/ubuntu/ComputerScience_Project/install/turtlebot3_gazebo/share/turtlebot3_gazebo//worlds/turtlebot3_dqn_stage2.world
[49.626s] -- Symlinking: /home/ubuntu/ComputerScience_Project/install/turtlebot3_gazebo/share/turtlebot3_gazebo//worlds/turtlebot3_dqn_stage3.world
[49.640s] -- Symlinking: /home/ubuntu/ComputerScience_Project/install/turtlebot3_gazebo/share/turtlebot3_gazebo//worlds/turtlebot3_dqn_stage4.world
[49.656s] -- Symlinking: /home/ubuntu/ComputerScience_Project/install/turtlebot3_gazebo/share/turtlebot3_gazebo//worlds/turtlebot3_house.world
[49.670s] -- Symlinking: /home/ubuntu/ComputerScience_Project/install/turtlebot3_gazebo/share/turtlebot3_gazebo//worlds/turtlebot3_world.world
[49.685s] -- Symlinking: /home/ubuntu/ComputerScience_Project/install/turtlebot3_gazebo/include//turtlebot3_gazebo/turtlebot3_drive.hpp
[49.703s] -- Symlinking: /home/ubuntu/ComputerScience_Project/install/turtlebot3_gazebo/share/ament_index/resource_index/package_run_dependencies/turtlebot3_gazebo
[49.717s] -- Symlinking: /home/ubuntu/ComputerScience_Project/install/turtlebot3_gazebo/share/ament_index/resource_index/parent_prefix_path/turtlebot3_gazebo
[49.731s] -- Symlinking: /home/ubuntu/ComputerScience_Project/install/turtlebot3_gazebo/share/turtlebot3_gazebo/environment/ament_prefix_path.sh
[49.744s] -- Symlinking: /home/ubuntu/ComputerScience_Project/install/turtlebot3_gazebo/share/turtlebot3_gazebo/environment/ament_prefix_path.dsv
[49.758s] -- Symlinking: /home/ubuntu/ComputerScience_Project/install/turtlebot3_gazebo/share/turtlebot3_gazebo/environment/path.sh
[49.774s] -- Symlinking: /home/ubuntu/ComputerScience_Project/install/turtlebot3_gazebo/share/turtlebot3_gazebo/environment/path.dsv
[49.789s] -- Symlinking: /home/ubuntu/ComputerScience_Project/install/turtlebot3_gazebo/share/turtlebot3_gazebo/local_setup.bash
[49.804s] -- Symlinking: /home/ubuntu/ComputerScience_Project/install/turtlebot3_gazebo/share/turtlebot3_gazebo/local_setup.sh
[49.819s] -- Symlinking: /home/ubuntu/ComputerScience_Project/install/turtlebot3_gazebo/share/turtlebot3_gazebo/local_setup.zsh
[49.834s] -- Symlinking: /home/ubuntu/ComputerScience_Project/install/turtlebot3_gazebo/share/turtlebot3_gazebo/local_setup.dsv
[49.848s] -- Symlinking: /home/ubuntu/ComputerScience_Project/install/turtlebot3_gazebo/share/turtlebot3_gazebo/package.dsv
[49.862s] -- Symlinking: /home/ubuntu/ComputerScience_Project/install/turtlebot3_gazebo/share/ament_index/resource_index/packages/turtlebot3_gazebo
[49.877s] -- Symlinking: /home/ubuntu/ComputerScience_Project/install/turtlebot3_gazebo/share/turtlebot3_gazebo/cmake/ament_cmake_export_include_directories-extras.cmake
[49.891s] -- Symlinking: /home/ubuntu/ComputerScience_Project/install/turtlebot3_gazebo/share/turtlebot3_gazebo/cmake/ament_cmake_export_dependencies-extras.cmake
[49.907s] -- Symlinking: /home/ubuntu/ComputerScience_Project/install/turtlebot3_gazebo/share/turtlebot3_gazebo/cmake/turtlebot3_gazeboConfig.cmake
[49.921s] -- Symlinking: /home/ubuntu/ComputerScience_Project/install/turtlebot3_gazebo/share/turtlebot3_gazebo/cmake/turtlebot3_gazeboConfig-version.cmake
[49.936s] -- Symlinking: /home/ubuntu/ComputerScience_Project/install/turtlebot3_gazebo/share/turtlebot3_gazebo/package.xml
[49.952s] Invoked command in '/home/ubuntu/ComputerScience_Project/build/turtlebot3_gazebo' returned '0': CMAKE_PREFIX_PATH=${CMAKE_PREFIX_PATH}:/opt/ros/humble /usr/bin/cmake --install /home/ubuntu/ComputerScience_Project/build/turtlebot3_gazebo
