[0.017s] Invoking command in '/home/ubuntu/ComputerScience_Project/build/turtlebot3_manipulation_bringup': AMENT_PREFIX_PATH=/home/ubuntu/ComputerScience_Project/install/turtlebot3_manipulation_description:${AMENT_PREFIX_PATH} CMAKE_PREFIX_PATH=/home/ubuntu/ComputerScience_Project/install/turtlebot3_manipulation_description:/opt/ros/humble /usr/bin/cmake /home/ubuntu/ComputerScience_Project/src/turtlebot3_manipulation/turtlebot3_manipulation_bringup -DAMENT_CMAKE_SYMLINK_INSTALL=1 -DCMAKE_INSTALL_PREFIX=/home/ubuntu/ComputerScience_Project/install/turtlebot3_manipulation_bringup
[0.113s] -- The C compiler identification is GNU 11.4.0
[0.205s] -- The CXX compiler identification is GNU 11.4.0
[0.216s] -- Detecting C compiler ABI info
[0.301s] -- Detecting C compiler ABI info - done
[0.313s] -- Check for working C compiler: /usr/bin/cc - skipped
[0.314s] -- Detecting C compile features
[0.314s] -- Detecting C compile features - done
[0.317s] -- Detecting CXX compiler ABI info
[0.402s] -- Detecting CXX compiler ABI info - done
[0.412s] -- Check for working CXX compiler: /usr/bin/c++ - skipped
[0.412s] -- Detecting CXX compile features
[0.413s] -- Detecting CXX compile features - done
[0.417s] -- Found ament_cmake: 1.3.10 (/opt/ros/humble/share/ament_cmake/cmake)
[0.607s] -- Found Python3: /usr/bin/python3 (found version "3.10.12") found components: Interpreter 
[0.690s] -- Override CMake install command with custom implementation using symlinks instead of copying resources
[0.822s] -- Configuring done
[0.827s] -- Generating done
[0.828s] -- Build files have been written to: /home/ubuntu/ComputerScience_Project/build/turtlebot3_manipulation_bringup
[0.832s] Invoked command in '/home/ubuntu/ComputerScience_Project/build/turtlebot3_manipulation_bringup' returned '0': AMENT_PREFIX_PATH=/home/ubuntu/ComputerScience_Project/install/turtlebot3_manipulation_description:${AMENT_PREFIX_PATH} CMAKE_PREFIX_PATH=/home/ubuntu/ComputerScience_Project/install/turtlebot3_manipulation_description:/opt/ros/humble /usr/bin/cmake /home/ubuntu/ComputerScience_Project/src/turtlebot3_manipulation/turtlebot3_manipulation_bringup -DAMENT_CMAKE_SYMLINK_INSTALL=1 -DCMAKE_INSTALL_PREFIX=/home/ubuntu/ComputerScience_Project/install/turtlebot3_manipulation_bringup
[0.834s] Invoking command in '/home/ubuntu/ComputerScience_Project/build/turtlebot3_manipulation_bringup': AMENT_PREFIX_PATH=/home/ubuntu/ComputerScience_Project/install/turtlebot3_manipulation_description:${AMENT_PREFIX_PATH} CMAKE_PREFIX_PATH=/home/ubuntu/ComputerScience_Project/install/turtlebot3_manipulation_description:/opt/ros/humble /usr/bin/cmake --build /home/ubuntu/ComputerScience_Project/build/turtlebot3_manipulation_bringup -- -j8 -l8
[0.871s] Invoked command in '/home/ubuntu/ComputerScience_Project/build/turtlebot3_manipulation_bringup' returned '0': AMENT_PREFIX_PATH=/home/ubuntu/ComputerScience_Project/install/turtlebot3_manipulation_description:${AMENT_PREFIX_PATH} CMAKE_PREFIX_PATH=/home/ubuntu/ComputerScience_Project/install/turtlebot3_manipulation_description:/opt/ros/humble /usr/bin/cmake --build /home/ubuntu/ComputerScience_Project/build/turtlebot3_manipulation_bringup -- -j8 -l8
[0.895s] Invoking command in '/home/ubuntu/ComputerScience_Project/build/turtlebot3_manipulation_bringup': AMENT_PREFIX_PATH=/home/ubuntu/ComputerScience_Project/install/turtlebot3_manipulation_description:${AMENT_PREFIX_PATH} CMAKE_PREFIX_PATH=/home/ubuntu/ComputerScience_Project/install/turtlebot3_manipulation_description:/opt/ros/humble /usr/bin/cmake --install /home/ubuntu/ComputerScience_Project/build/turtlebot3_manipulation_bringup
[0.901s] -- Install configuration: ""
[0.902s] -- Execute custom install script
[0.902s] -- Symlinking: /home/ubuntu/ComputerScience_Project/install/turtlebot3_manipulation_bringup/share/turtlebot3_manipulation_bringup/launch/base.launch.py
[0.912s] -- Symlinking: /home/ubuntu/ComputerScience_Project/install/turtlebot3_manipulation_bringup/share/turtlebot3_manipulation_bringup/launch/fake.launch.py
[0.920s] -- Symlinking: /home/ubuntu/ComputerScience_Project/install/turtlebot3_manipulation_bringup/share/turtlebot3_manipulation_bringup/launch/gazebo.launch.py
[0.928s] -- Symlinking: /home/ubuntu/ComputerScience_Project/install/turtlebot3_manipulation_bringup/share/turtlebot3_manipulation_bringup/launch/hardware.launch.py
[0.938s] -- Symlinking: /home/ubuntu/ComputerScience_Project/install/turtlebot3_manipulation_bringup/share/turtlebot3_manipulation_bringup/config/gazebo_controller_manager.yaml
[0.947s] -- Symlinking: /home/ubuntu/ComputerScience_Project/install/turtlebot3_manipulation_bringup/share/turtlebot3_manipulation_bringup/config/hardware_controller_manager.yaml
[0.956s] -- Symlinking: /home/ubuntu/ComputerScience_Project/install/turtlebot3_manipulation_bringup/share/turtlebot3_manipulation_bringup/rviz/turtlebot3_manipulation.rviz
[0.967s] -- Symlinking: /home/ubuntu/ComputerScience_Project/install/turtlebot3_manipulation_bringup/share/turtlebot3_manipulation_bringup/worlds/empty_world.model
[0.976s] -- Symlinking: /home/ubuntu/ComputerScience_Project/install/turtlebot3_manipulation_bringup/share/turtlebot3_manipulation_bringup/worlds/turtlebot3_world.model
[0.986s] -- Symlinking: /home/ubuntu/ComputerScience_Project/install/turtlebot3_manipulation_bringup/share/turtlebot3_manipulation_bringup/worlds/turtlebot3_world/meshes/hexagon.dae
[0.995s] -- Symlinking: /home/ubuntu/ComputerScience_Project/install/turtlebot3_manipulation_bringup/share/turtlebot3_manipulation_bringup/worlds/turtlebot3_world/meshes/wall.dae
[1.004s] -- Symlinking: /home/ubuntu/ComputerScience_Project/install/turtlebot3_manipulation_bringup/share/turtlebot3_manipulation_bringup/worlds/turtlebot3_world/model-1_4.sdf
[1.015s] -- Symlinking: /home/ubuntu/ComputerScience_Project/install/turtlebot3_manipulation_bringup/share/turtlebot3_manipulation_bringup/worlds/turtlebot3_world/model.config
[1.026s] -- Symlinking: /home/ubuntu/ComputerScience_Project/install/turtlebot3_manipulation_bringup/share/turtlebot3_manipulation_bringup/worlds/turtlebot3_world/model.sdf
[1.035s] -- Symlinking: /home/ubuntu/ComputerScience_Project/install/turtlebot3_manipulation_bringup/share/turtlebot3_manipulation_bringup/environment/turtlebot3_manipulation_bringup.dsv
[1.045s] -- Symlinking: /home/ubuntu/ComputerScience_Project/install/turtlebot3_manipulation_bringup/share/ament_index/resource_index/package_run_dependencies/turtlebot3_manipulation_bringup
[1.055s] -- Symlinking: /home/ubuntu/ComputerScience_Project/install/turtlebot3_manipulation_bringup/share/ament_index/resource_index/parent_prefix_path/turtlebot3_manipulation_bringup
[1.066s] -- Symlinking: /home/ubuntu/ComputerScience_Project/install/turtlebot3_manipulation_bringup/share/turtlebot3_manipulation_bringup/environment/ament_prefix_path.sh
[1.081s] -- Symlinking: /home/ubuntu/ComputerScience_Project/install/turtlebot3_manipulation_bringup/share/turtlebot3_manipulation_bringup/environment/ament_prefix_path.dsv
[1.088s] -- Symlinking: /home/ubuntu/ComputerScience_Project/install/turtlebot3_manipulation_bringup/share/turtlebot3_manipulation_bringup/environment/path.sh
[1.099s] -- Symlinking: /home/ubuntu/ComputerScience_Project/install/turtlebot3_manipulation_bringup/share/turtlebot3_manipulation_bringup/environment/path.dsv
[1.109s] -- Symlinking: /home/ubuntu/ComputerScience_Project/install/turtlebot3_manipulation_bringup/share/turtlebot3_manipulation_bringup/local_setup.bash
[1.119s] -- Symlinking: /home/ubuntu/ComputerScience_Project/install/turtlebot3_manipulation_bringup/share/turtlebot3_manipulation_bringup/local_setup.sh
[1.130s] -- Symlinking: /home/ubuntu/ComputerScience_Project/install/turtlebot3_manipulation_bringup/share/turtlebot3_manipulation_bringup/local_setup.zsh
[1.142s] -- Symlinking: /home/ubuntu/ComputerScience_Project/install/turtlebot3_manipulation_bringup/share/turtlebot3_manipulation_bringup/local_setup.dsv
[1.152s] -- Symlinking: /home/ubuntu/ComputerScience_Project/install/turtlebot3_manipulation_bringup/share/turtlebot3_manipulation_bringup/package.dsv
[1.166s] -- Symlinking: /home/ubuntu/ComputerScience_Project/install/turtlebot3_manipulation_bringup/share/ament_index/resource_index/packages/turtlebot3_manipulation_bringup
[1.178s] -- Symlinking: /home/ubuntu/ComputerScience_Project/install/turtlebot3_manipulation_bringup/share/turtlebot3_manipulation_bringup/cmake/turtlebot3_manipulation_bringupConfig.cmake
[1.190s] -- Symlinking: /home/ubuntu/ComputerScience_Project/install/turtlebot3_manipulation_bringup/share/turtlebot3_manipulation_bringup/cmake/turtlebot3_manipulation_bringupConfig-version.cmake
[1.200s] -- Symlinking: /home/ubuntu/ComputerScience_Project/install/turtlebot3_manipulation_bringup/share/turtlebot3_manipulation_bringup/package.xml
[1.214s] Invoked command in '/home/ubuntu/ComputerScience_Project/build/turtlebot3_manipulation_bringup' returned '0': AMENT_PREFIX_PATH=/home/ubuntu/ComputerScience_Project/install/turtlebot3_manipulation_description:${AMENT_PREFIX_PATH} CMAKE_PREFIX_PATH=/home/ubuntu/ComputerScience_Project/install/turtlebot3_manipulation_description:/opt/ros/humble /usr/bin/cmake --install /home/ubuntu/ComputerScience_Project/build/turtlebot3_manipulation_bringup
