[0.115s] Invoking command in '/home/ubuntu/ComputerScience_Project/build/turtlebot3_manipulation_description': CMAKE_PREFIX_PATH=${CMAKE_PREFIX_PATH}:/opt/ros/humble /usr/bin/cmake --build /home/ubuntu/ComputerScience_Project/build/turtlebot3_manipulation_description -- -j8 -l8
[0.351s] Invoked command in '/home/ubuntu/ComputerScience_Project/build/turtlebot3_manipulation_description' returned '0': CMAKE_PREFIX_PATH=${CMAKE_PREFIX_PATH}:/opt/ros/humble /usr/bin/cmake --build /home/ubuntu/ComputerScience_Project/build/turtlebot3_manipulation_description -- -j8 -l8
[0.490s] Invoking command in '/home/ubuntu/ComputerScience_Project/build/turtlebot3_manipulation_description': CMAKE_PREFIX_PATH=${CMAKE_PREFIX_PATH}:/opt/ros/humble /usr/bin/cmake --install /home/ubuntu/ComputerScience_Project/build/turtlebot3_manipulation_description
[0.531s] -- Install configuration: ""
[0.531s] -- Execute custom install script
[0.532s] -- Up-to-date symlink: /home/ubuntu/ComputerScience_Project/install/turtlebot3_manipulation_description/share/turtlebot3_manipulation_description/launch/model.launch.py
[0.535s] -- Up-to-date symlink: /home/ubuntu/ComputerScience_Project/install/turtlebot3_manipulation_description/share/turtlebot3_manipulation_description/rviz/model.rviz
[0.536s] -- Up-to-date symlink: /home/ubuntu/ComputerScience_Project/install/turtlebot3_manipulation_description/share/turtlebot3_manipulation_description/urdf/open_manipulator_x.urdf.xacro
[0.537s] -- Up-to-date symlink: /home/ubuntu/ComputerScience_Project/install/turtlebot3_manipulation_description/share/turtlebot3_manipulation_description/urdf/turtlebot3_manipulation.urdf.xacro
[0.537s] -- Up-to-date symlink: /home/ubuntu/ComputerScience_Project/install/turtlebot3_manipulation_description/share/turtlebot3_manipulation_description/urdf/turtlebot3_waffle_pi.urdf.xacro
[0.537s] -- Up-to-date symlink: /home/ubuntu/ComputerScience_Project/install/turtlebot3_manipulation_description/share/turtlebot3_manipulation_description/gazebo/materials.xacro
[0.538s] -- Up-to-date symlink: /home/ubuntu/ComputerScience_Project/install/turtlebot3_manipulation_description/share/turtlebot3_manipulation_description/gazebo/open_manipulator_x.gazebo.xacro
[0.538s] -- Up-to-date symlink: /home/ubuntu/ComputerScience_Project/install/turtlebot3_manipulation_description/share/turtlebot3_manipulation_description/gazebo/turtlebot3_waffle_pi.gazebo.xacro
[0.550s] -- Up-to-date symlink: /home/ubuntu/ComputerScience_Project/install/turtlebot3_manipulation_description/share/turtlebot3_manipulation_description/meshes/open_manipulator_x/gripper_left_palm.stl
[0.552s] -- Up-to-date symlink: /home/ubuntu/ComputerScience_Project/install/turtlebot3_manipulation_description/share/turtlebot3_manipulation_description/meshes/open_manipulator_x/gripper_right_palm.stl
[0.553s] -- Up-to-date symlink: /home/ubuntu/ComputerScience_Project/install/turtlebot3_manipulation_description/share/turtlebot3_manipulation_description/meshes/open_manipulator_x/link1.stl
[0.561s] -- Up-to-date symlink: /home/ubuntu/ComputerScience_Project/install/turtlebot3_manipulation_description/share/turtlebot3_manipulation_description/meshes/open_manipulator_x/link2.stl
[0.562s] -- Up-to-date symlink: /home/ubuntu/ComputerScience_Project/install/turtlebot3_manipulation_description/share/turtlebot3_manipulation_description/meshes/open_manipulator_x/link3.stl
[0.563s] -- Up-to-date symlink: /home/ubuntu/ComputerScience_Project/install/turtlebot3_manipulation_description/share/turtlebot3_manipulation_description/meshes/open_manipulator_x/link4.stl
[0.565s] -- Up-to-date symlink: /home/ubuntu/ComputerScience_Project/install/turtlebot3_manipulation_description/share/turtlebot3_manipulation_description/meshes/open_manipulator_x/link5.stl
[0.568s] -- Up-to-date symlink: /home/ubuntu/ComputerScience_Project/install/turtlebot3_manipulation_description/share/turtlebot3_manipulation_description/meshes/turtlebot3_waffle_pi/base.stl
[0.570s] -- Up-to-date symlink: /home/ubuntu/ComputerScience_Project/install/turtlebot3_manipulation_description/share/turtlebot3_manipulation_description/meshes/turtlebot3_waffle_pi/ladar.stl
[0.573s] -- Up-to-date symlink: /home/ubuntu/ComputerScience_Project/install/turtlebot3_manipulation_description/share/turtlebot3_manipulation_description/meshes/turtlebot3_waffle_pi/left_tire.stl
[0.574s] -- Up-to-date symlink: /home/ubuntu/ComputerScience_Project/install/turtlebot3_manipulation_description/share/turtlebot3_manipulation_description/meshes/turtlebot3_waffle_pi/right_tire.stl
[0.576s] -- Up-to-date symlink: /home/ubuntu/ComputerScience_Project/install/turtlebot3_manipulation_description/share/turtlebot3_manipulation_description/ros2_control/turtlebot3_manipulation_system.ros2_control.xacro
[0.576s] -- Up-to-date symlink: /home/ubuntu/ComputerScience_Project/install/turtlebot3_manipulation_description/share/turtlebot3_manipulation_description/environment/turtlebot3_manipulation_description.dsv
[0.578s] -- Up-to-date symlink: /home/ubuntu/ComputerScience_Project/install/turtlebot3_manipulation_description/share/ament_index/resource_index/package_run_dependencies/turtlebot3_manipulation_description
[0.579s] -- Up-to-date symlink: /home/ubuntu/ComputerScience_Project/install/turtlebot3_manipulation_description/share/ament_index/resource_index/parent_prefix_path/turtlebot3_manipulation_description
[0.581s] -- Up-to-date symlink: /home/ubuntu/ComputerScience_Project/install/turtlebot3_manipulation_description/share/turtlebot3_manipulation_description/environment/ament_prefix_path.sh
[0.581s] -- Up-to-date symlink: /home/ubuntu/ComputerScience_Project/install/turtlebot3_manipulation_description/share/turtlebot3_manipulation_description/environment/ament_prefix_path.dsv
[0.581s] -- Up-to-date symlink: /home/ubuntu/ComputerScience_Project/install/turtlebot3_manipulation_description/share/turtlebot3_manipulation_description/environment/path.sh
[0.582s] -- Up-to-date symlink: /home/ubuntu/ComputerScience_Project/install/turtlebot3_manipulation_description/share/turtlebot3_manipulation_description/environment/path.dsv
[0.589s] -- Up-to-date symlink: /home/ubuntu/ComputerScience_Project/install/turtlebot3_manipulation_description/share/turtlebot3_manipulation_description/local_setup.bash
[0.590s] -- Up-to-date symlink: /home/ubuntu/ComputerScience_Project/install/turtlebot3_manipulation_description/share/turtlebot3_manipulation_description/local_setup.sh
[0.590s] -- Up-to-date symlink: /home/ubuntu/ComputerScience_Project/install/turtlebot3_manipulation_description/share/turtlebot3_manipulation_description/local_setup.zsh
[0.590s] -- Up-to-date symlink: /home/ubuntu/ComputerScience_Project/install/turtlebot3_manipulation_description/share/turtlebot3_manipulation_description/local_setup.dsv
[0.590s] -- Symlinking: /home/ubuntu/ComputerScience_Project/install/turtlebot3_manipulation_description/share/turtlebot3_manipulation_description/package.dsv
[0.629s] -- Up-to-date symlink: /home/ubuntu/ComputerScience_Project/install/turtlebot3_manipulation_description/share/ament_index/resource_index/packages/turtlebot3_manipulation_description
[0.635s] -- Up-to-date symlink: /home/ubuntu/ComputerScience_Project/install/turtlebot3_manipulation_description/share/turtlebot3_manipulation_description/cmake/turtlebot3_manipulation_descriptionConfig.cmake
[0.637s] -- Up-to-date symlink: /home/ubuntu/ComputerScience_Project/install/turtlebot3_manipulation_description/share/turtlebot3_manipulation_description/cmake/turtlebot3_manipulation_descriptionConfig-version.cmake
[0.638s] -- Up-to-date symlink: /home/ubuntu/ComputerScience_Project/install/turtlebot3_manipulation_description/share/turtlebot3_manipulation_description/package.xml
[0.751s] Invoked command in '/home/ubuntu/ComputerScience_Project/build/turtlebot3_manipulation_description' returned '0': CMAKE_PREFIX_PATH=${CMAKE_PREFIX_PATH}:/opt/ros/humble /usr/bin/cmake --install /home/ubuntu/ComputerScience_Project/build/turtlebot3_manipulation_description
