running develop
running egg_info
creating path_planning.egg-info
writing path_planning.egg-info/PKG-INFO
writing dependency_links to path_planning.egg-info/dependency_links.txt
writing entry points to path_planning.egg-info/entry_points.txt
writing requirements to path_planning.egg-info/requires.txt
writing top-level names to path_planning.egg-info/top_level.txt
writing manifest file 'path_planning.egg-info/SOURCES.txt'
reading manifest file 'path_planning.egg-info/SOURCES.txt'
writing manifest file 'path_planning.egg-info/SOURCES.txt'
running build_ext
Creating /home/ubuntu/ComputerScience_Project/install/path_planning/lib/python3.10/site-packages/path-planning.egg-link (link to .)
Installing path_planning script to /home/ubuntu/ComputerScience_Project/install/path_planning/lib/path_planning

Installed /home/ubuntu/ComputerScience_Project/build/path_planning
running symlink_data
creating /home/ubuntu/ComputerScience_Project/install/path_planning/share/ament_index
creating /home/ubuntu/ComputerScience_Project/install/path_planning/share/ament_index/resource_index
creating /home/ubuntu/ComputerScience_Project/install/path_planning/share/ament_index/resource_index/packages
symbolically linking /home/ubuntu/ComputerScience_Project/build/path_planning/resource/path_planning -> /home/ubuntu/ComputerScience_Project/install/path_planning/share/ament_index/resource_index/packages
symbolically linking /home/ubuntu/ComputerScience_Project/build/path_planning/package.xml -> /home/ubuntu/ComputerScience_Project/install/path_planning/share/path_planning
