[0.023s] Invoking command in '/home/ubuntu/ComputerScience_Project/build/turtlebot3_manipulation_teleop': AMENT_PREFIX_PATH=/home/ubuntu/ComputerScience_Project/install/turtlebot3_manipulation_moveit_config:/home/ubuntu/ComputerScience_Project/install/turtlebot3_manipulation_bringup:/home/ubuntu/ComputerScience_Project/install/turtlebot3_manipulation_description:${AMENT_PREFIX_PATH} CMAKE_PREFIX_PATH=/home/ubuntu/ComputerScience_Project/install/turtlebot3_manipulation_moveit_config:/home/ubuntu/ComputerScience_Project/install/turtlebot3_manipulation_bringup:/home/ubuntu/ComputerScience_Project/install/turtlebot3_manipulation_description:/opt/ros/humble /usr/bin/cmake /home/ubuntu/ComputerScience_Project/src/turtlebot3_manipulation/turtlebot3_manipulation_teleop -DAMENT_CMAKE_SYMLINK_INSTALL=1 -DCMAKE_INSTALL_PREFIX=/home/ubuntu/ComputerScience_Project/install/turtlebot3_manipulation_teleop
[0.141s] -- The C compiler identification is GNU 11.4.0
[0.254s] -- The CXX compiler identification is GNU 11.4.0
[0.265s] -- Detecting C compiler ABI info
[0.374s] -- Detecting C compiler ABI info - done
[0.386s] -- Check for working C compiler: /usr/bin/cc - skipped
[0.386s] -- Detecting C compile features
[0.387s] -- Detecting C compile features - done
[0.393s] -- Detecting CXX compiler ABI info
[0.519s] -- Detecting CXX compiler ABI info - done
[0.534s] -- Check for working CXX compiler: /usr/bin/c++ - skipped
[0.535s] -- Detecting CXX compile features
[0.536s] -- Detecting CXX compile features - done
[0.542s] -- Found ament_cmake: 1.3.10 (/opt/ros/humble/share/ament_cmake/cmake)
[0.827s] -- Found Python3: /usr/bin/python3 (found version "3.10.12") found components: Interpreter 
[0.935s] -- Override CMake install command with custom implementation using symlinks instead of copying resources
[0.993s] -- Found rclcpp: 16.0.10 (/opt/ros/humble/share/rclcpp/cmake)
[1.070s] -- Found rosidl_generator_c: 3.1.5 (/opt/ros/humble/share/rosidl_generator_c/cmake)
[1.080s] -- Found rosidl_adapter: 3.1.5 (/opt/ros/humble/share/rosidl_adapter/cmake)
[1.092s] -- Found rosidl_generator_cpp: 3.1.5 (/opt/ros/humble/share/rosidl_generator_cpp/cmake)
[1.110s] -- Using all available rosidl_typesupport_c: rosidl_typesupport_fastrtps_c;rosidl_typesupport_introspection_c
[1.134s] -- Using all available rosidl_typesupport_cpp: rosidl_typesupport_fastrtps_cpp;rosidl_typesupport_introspection_cpp
[1.208s] -- Found rmw_implementation_cmake: 6.1.2 (/opt/ros/humble/share/rmw_implementation_cmake/cmake)
[1.213s] -- Found rmw_fastrtps_cpp: 6.2.7 (/opt/ros/humble/share/rmw_fastrtps_cpp/cmake)
[1.336s] -- Found OpenSSL: /usr/lib/x86_64-linux-gnu/libcrypto.so (found version "3.0.2")  
[1.384s] -- Found FastRTPS: /opt/ros/humble/include  
[1.471s] -- Using RMW implementation 'rmw_fastrtps_cpp' as default
[1.488s] -- Looking for pthread.h
[1.588s] -- Looking for pthread.h - found
[1.588s] -- Performing Test CMAKE_HAVE_LIBC_PTHREAD
[1.693s] -- Performing Test CMAKE_HAVE_LIBC_PTHREAD - Success
[1.694s] -- Found Threads: TRUE  
[1.802s] -- Found turtlebot3_manipulation_bringup: 2.1.1 (/home/ubuntu/ComputerScience_Project/install/turtlebot3_manipulation_bringup/share/turtlebot3_manipulation_bringup/cmake)
[1.803s] -- Found turtlebot3_manipulation_moveit_config: 2.1.1 (/home/ubuntu/ComputerScience_Project/install/turtlebot3_manipulation_moveit_config/share/turtlebot3_manipulation_moveit_config/cmake)
[1.804s] -- Found turtlebot3_manipulation_description: 2.1.1 (/home/ubuntu/ComputerScience_Project/install/turtlebot3_manipulation_description/share/turtlebot3_manipulation_description/cmake)
[1.809s] -- Found geometry_msgs: 4.2.4 (/opt/ros/humble/share/geometry_msgs/cmake)
[1.843s] -- Found nav_msgs: 4.2.4 (/opt/ros/humble/share/nav_msgs/cmake)
[1.892s] -- Found control_msgs: 4.6.0 (/opt/ros/humble/share/control_msgs/cmake)
[2.095s] -- Found std_srvs: 4.2.4 (/opt/ros/humble/share/std_srvs/cmake)
[2.141s] -- Found ament_lint_auto: 0.12.11 (/opt/ros/humble/share/ament_lint_auto/cmake)
[2.383s] -- Added test 'copyright' to check source files copyright and LICENSE
[2.391s] -- Added test 'cppcheck' to perform static code analysis on C / C++ code
[2.392s] -- Configured cppcheck include dirs: $<BUILD_INTERFACE:/home/ubuntu/ComputerScience_Project/src/turtlebot3_manipulation/turtlebot3_manipulation_teleop/include>
[2.392s] -- Configured cppcheck exclude dirs and/or files: 
[2.395s] -- Added test 'cpplint' to check C / C++ code against the Google style
[2.396s] -- Configured cpplint exclude dirs and/or files: 
[2.399s] -- Added test 'lint_cmake' to check CMake code style
[2.403s] -- Added test 'uncrustify' to check C / C++ code style
[2.404s] -- Configured uncrustify additional arguments: 
[2.406s] -- Added test 'xmllint' to check XML markup files
[2.409s] -- Configuring done
[2.447s] -- Generating done
[2.452s] -- Build files have been written to: /home/ubuntu/ComputerScience_Project/build/turtlebot3_manipulation_teleop
[2.472s] Invoked command in '/home/ubuntu/ComputerScience_Project/build/turtlebot3_manipulation_teleop' returned '0': AMENT_PREFIX_PATH=/home/ubuntu/ComputerScience_Project/install/turtlebot3_manipulation_moveit_config:/home/ubuntu/ComputerScience_Project/install/turtlebot3_manipulation_bringup:/home/ubuntu/ComputerScience_Project/install/turtlebot3_manipulation_description:${AMENT_PREFIX_PATH} CMAKE_PREFIX_PATH=/home/ubuntu/ComputerScience_Project/install/turtlebot3_manipulation_moveit_config:/home/ubuntu/ComputerScience_Project/install/turtlebot3_manipulation_bringup:/home/ubuntu/ComputerScience_Project/install/turtlebot3_manipulation_description:/opt/ros/humble /usr/bin/cmake /home/ubuntu/ComputerScience_Project/src/turtlebot3_manipulation/turtlebot3_manipulation_teleop -DAMENT_CMAKE_SYMLINK_INSTALL=1 -DCMAKE_INSTALL_PREFIX=/home/ubuntu/ComputerScience_Project/install/turtlebot3_manipulation_teleop
[2.477s] Invoking command in '/home/ubuntu/ComputerScience_Project/build/turtlebot3_manipulation_teleop': AMENT_PREFIX_PATH=/home/ubuntu/ComputerScience_Project/install/turtlebot3_manipulation_moveit_config:/home/ubuntu/ComputerScience_Project/install/turtlebot3_manipulation_bringup:/home/ubuntu/ComputerScience_Project/install/turtlebot3_manipulation_description:${AMENT_PREFIX_PATH} CMAKE_PREFIX_PATH=/home/ubuntu/ComputerScience_Project/install/turtlebot3_manipulation_moveit_config:/home/ubuntu/ComputerScience_Project/install/turtlebot3_manipulation_bringup:/home/ubuntu/ComputerScience_Project/install/turtlebot3_manipulation_description:/opt/ros/humble /usr/bin/cmake --build /home/ubuntu/ComputerScience_Project/build/turtlebot3_manipulation_teleop -- -j8 -l8
[2.558s] [ 50%] [32mBuilding CXX object CMakeFiles/turtlebot3_manipulation_teleop.dir/src/turtlebot3_manipulation_teleop.cpp.o[0m
[13.306s] [100%] [32m[1mLinking CXX executable turtlebot3_manipulation_teleop[0m
[13.869s] [100%] Built target turtlebot3_manipulation_teleop
[13.884s] Invoked command in '/home/ubuntu/ComputerScience_Project/build/turtlebot3_manipulation_teleop' returned '0': AMENT_PREFIX_PATH=/home/ubuntu/ComputerScience_Project/install/turtlebot3_manipulation_moveit_config:/home/ubuntu/ComputerScience_Project/install/turtlebot3_manipulation_bringup:/home/ubuntu/ComputerScience_Project/install/turtlebot3_manipulation_description:${AMENT_PREFIX_PATH} CMAKE_PREFIX_PATH=/home/ubuntu/ComputerScience_Project/install/turtlebot3_manipulation_moveit_config:/home/ubuntu/ComputerScience_Project/install/turtlebot3_manipulation_bringup:/home/ubuntu/ComputerScience_Project/install/turtlebot3_manipulation_description:/opt/ros/humble /usr/bin/cmake --build /home/ubuntu/ComputerScience_Project/build/turtlebot3_manipulation_teleop -- -j8 -l8
[13.919s] Invoking command in '/home/ubuntu/ComputerScience_Project/build/turtlebot3_manipulation_teleop': AMENT_PREFIX_PATH=/home/ubuntu/ComputerScience_Project/install/turtlebot3_manipulation_moveit_config:/home/ubuntu/ComputerScience_Project/install/turtlebot3_manipulation_bringup:/home/ubuntu/ComputerScience_Project/install/turtlebot3_manipulation_description:${AMENT_PREFIX_PATH} CMAKE_PREFIX_PATH=/home/ubuntu/ComputerScience_Project/install/turtlebot3_manipulation_moveit_config:/home/ubuntu/ComputerScience_Project/install/turtlebot3_manipulation_bringup:/home/ubuntu/ComputerScience_Project/install/turtlebot3_manipulation_description:/opt/ros/humble /usr/bin/cmake --install /home/ubuntu/ComputerScience_Project/build/turtlebot3_manipulation_teleop
[13.927s] -- Install configuration: ""
[13.928s] -- Execute custom install script
[13.929s] -- Symlinking: /home/ubuntu/ComputerScience_Project/install/turtlebot3_manipulation_teleop/lib/turtlebot3_manipulation_teleop/turtlebot3_manipulation_teleop
[13.941s] -- Symlinking: /home/ubuntu/ComputerScience_Project/install/turtlebot3_manipulation_teleop/share/ament_index/resource_index/package_run_dependencies/turtlebot3_manipulation_teleop
[13.953s] -- Symlinking: /home/ubuntu/ComputerScience_Project/install/turtlebot3_manipulation_teleop/share/ament_index/resource_index/parent_prefix_path/turtlebot3_manipulation_teleop
[13.965s] -- Symlinking: /home/ubuntu/ComputerScience_Project/install/turtlebot3_manipulation_teleop/share/turtlebot3_manipulation_teleop/environment/ament_prefix_path.sh
[13.976s] -- Symlinking: /home/ubuntu/ComputerScience_Project/install/turtlebot3_manipulation_teleop/share/turtlebot3_manipulation_teleop/environment/ament_prefix_path.dsv
[13.988s] -- Symlinking: /home/ubuntu/ComputerScience_Project/install/turtlebot3_manipulation_teleop/share/turtlebot3_manipulation_teleop/environment/path.sh
[13.998s] -- Symlinking: /home/ubuntu/ComputerScience_Project/install/turtlebot3_manipulation_teleop/share/turtlebot3_manipulation_teleop/environment/path.dsv
[14.008s] -- Symlinking: /home/ubuntu/ComputerScience_Project/install/turtlebot3_manipulation_teleop/share/turtlebot3_manipulation_teleop/local_setup.bash
[14.022s] -- Symlinking: /home/ubuntu/ComputerScience_Project/install/turtlebot3_manipulation_teleop/share/turtlebot3_manipulation_teleop/local_setup.sh
[14.033s] -- Symlinking: /home/ubuntu/ComputerScience_Project/install/turtlebot3_manipulation_teleop/share/turtlebot3_manipulation_teleop/local_setup.zsh
[14.042s] -- Symlinking: /home/ubuntu/ComputerScience_Project/install/turtlebot3_manipulation_teleop/share/turtlebot3_manipulation_teleop/local_setup.dsv
[14.055s] -- Symlinking: /home/ubuntu/ComputerScience_Project/install/turtlebot3_manipulation_teleop/share/turtlebot3_manipulation_teleop/package.dsv
[14.066s] -- Symlinking: /home/ubuntu/ComputerScience_Project/install/turtlebot3_manipulation_teleop/share/ament_index/resource_index/packages/turtlebot3_manipulation_teleop
[14.076s] -- Symlinking: /home/ubuntu/ComputerScience_Project/install/turtlebot3_manipulation_teleop/share/turtlebot3_manipulation_teleop/cmake/turtlebot3_manipulation_teleopConfig.cmake
[14.087s] -- Symlinking: /home/ubuntu/ComputerScience_Project/install/turtlebot3_manipulation_teleop/share/turtlebot3_manipulation_teleop/cmake/turtlebot3_manipulation_teleopConfig-version.cmake
[14.097s] -- Symlinking: /home/ubuntu/ComputerScience_Project/install/turtlebot3_manipulation_teleop/share/turtlebot3_manipulation_teleop/package.xml
[14.110s] Invoked command in '/home/ubuntu/ComputerScience_Project/build/turtlebot3_manipulation_teleop' returned '0': AMENT_PREFIX_PATH=/home/ubuntu/ComputerScience_Project/install/turtlebot3_manipulation_moveit_config:/home/ubuntu/ComputerScience_Project/install/turtlebot3_manipulation_bringup:/home/ubuntu/ComputerScience_Project/install/turtlebot3_manipulation_description:${AMENT_PREFIX_PATH} CMAKE_PREFIX_PATH=/home/ubuntu/ComputerScience_Project/install/turtlebot3_manipulation_moveit_config:/home/ubuntu/ComputerScience_Project/install/turtlebot3_manipulation_bringup:/home/ubuntu/ComputerScience_Project/install/turtlebot3_manipulation_description:/opt/ros/humble /usr/bin/cmake --install /home/ubuntu/ComputerScience_Project/build/turtlebot3_manipulation_teleop
