[0.033s] Invoking command in '/home/ubuntu/ComputerScience_Project/build/turtlebot3_manipulation_bringup': CMAKE_PREFIX_PATH=/home/ubuntu/ComputerScience_Project/install/turtlebot3_manipulation_description:/home/ubuntu/ComputerScience_Project/install/turtlebot3_manipulation:/home/ubuntu/ComputerScience_Project/install/turtlebot3_manipulation_teleop:/home/ubuntu/ComputerScience_Project/install/turtlebot3_manipulation_navigation2:/home/ubuntu/ComputerScience_Project/install/turtlebot3_manipulation_moveit_config:/home/ubuntu/ComputerScience_Project/install/turtlebot3_manipulation_hardware:/home/ubuntu/ComputerScience_Project/install/turtlebot3_manipulation_bringup:/home/ubuntu/ComputerScience_Project/install/turtlebot3_manipulation_cartographer:/opt/ros/humble /usr/bin/cmake --build /home/ubuntu/ComputerScience_Project/build/turtlebot3_manipulation_bringup -- -j8 -l8
[0.118s] Invoked command in '/home/ubuntu/ComputerScience_Project/build/turtlebot3_manipulation_bringup' returned '0': CMAKE_PREFIX_PATH=/home/ubuntu/ComputerScience_Project/install/turtlebot3_manipulation_description:/home/ubuntu/ComputerScience_Project/install/turtlebot3_manipulation:/home/ubuntu/ComputerScience_Project/install/turtlebot3_manipulation_teleop:/home/ubuntu/ComputerScience_Project/install/turtlebot3_manipulation_navigation2:/home/ubuntu/ComputerScience_Project/install/turtlebot3_manipulation_moveit_config:/home/ubuntu/ComputerScience_Project/install/turtlebot3_manipulation_hardware:/home/ubuntu/ComputerScience_Project/install/turtlebot3_manipulation_bringup:/home/ubuntu/ComputerScience_Project/install/turtlebot3_manipulation_cartographer:/opt/ros/humble /usr/bin/cmake --build /home/ubuntu/ComputerScience_Project/build/turtlebot3_manipulation_bringup -- -j8 -l8
[0.155s] Invoking command in '/home/ubuntu/ComputerScience_Project/build/turtlebot3_manipulation_bringup': CMAKE_PREFIX_PATH=/home/ubuntu/ComputerScience_Project/install/turtlebot3_manipulation_description:/home/ubuntu/ComputerScience_Project/install/turtlebot3_manipulation:/home/ubuntu/ComputerScience_Project/install/turtlebot3_manipulation_teleop:/home/ubuntu/ComputerScience_Project/install/turtlebot3_manipulation_navigation2:/home/ubuntu/ComputerScience_Project/install/turtlebot3_manipulation_moveit_config:/home/ubuntu/ComputerScience_Project/install/turtlebot3_manipulation_hardware:/home/ubuntu/ComputerScience_Project/install/turtlebot3_manipulation_bringup:/home/ubuntu/ComputerScience_Project/install/turtlebot3_manipulation_cartographer:/opt/ros/humble /usr/bin/cmake --install /home/ubuntu/ComputerScience_Project/build/turtlebot3_manipulation_bringup
[0.170s] -- Install configuration: ""
[0.171s] -- Execute custom install script
[0.172s] -- Up-to-date symlink: /home/ubuntu/ComputerScience_Project/install/turtlebot3_manipulation_bringup/share/turtlebot3_manipulation_bringup/launch/base.launch.py
[0.172s] -- Up-to-date symlink: /home/ubuntu/ComputerScience_Project/install/turtlebot3_manipulation_bringup/share/turtlebot3_manipulation_bringup/launch/fake.launch.py
[0.173s] -- Up-to-date symlink: /home/ubuntu/ComputerScience_Project/install/turtlebot3_manipulation_bringup/share/turtlebot3_manipulation_bringup/launch/gazebo.launch.py
[0.174s] -- Up-to-date symlink: /home/ubuntu/ComputerScience_Project/install/turtlebot3_manipulation_bringup/share/turtlebot3_manipulation_bringup/launch/hardware.launch.py
[0.175s] -- Up-to-date symlink: /home/ubuntu/ComputerScience_Project/install/turtlebot3_manipulation_bringup/share/turtlebot3_manipulation_bringup/config/gazebo_controller_manager.yaml
[0.175s] -- Up-to-date symlink: /home/ubuntu/ComputerScience_Project/install/turtlebot3_manipulation_bringup/share/turtlebot3_manipulation_bringup/config/hardware_controller_manager.yaml
[0.177s] -- Up-to-date symlink: /home/ubuntu/ComputerScience_Project/install/turtlebot3_manipulation_bringup/share/turtlebot3_manipulation_bringup/rviz/turtlebot3_manipulation.rviz
[0.180s] -- Up-to-date symlink: /home/ubuntu/ComputerScience_Project/install/turtlebot3_manipulation_bringup/share/turtlebot3_manipulation_bringup/worlds/empty_world.model
[0.181s] -- Up-to-date symlink: /home/ubuntu/ComputerScience_Project/install/turtlebot3_manipulation_bringup/share/turtlebot3_manipulation_bringup/worlds/turtlebot3_world.model
[0.182s] -- Up-to-date symlink: /home/ubuntu/ComputerScience_Project/install/turtlebot3_manipulation_bringup/share/turtlebot3_manipulation_bringup/worlds/turtlebot3_world/meshes/hexagon.dae
[0.183s] -- Up-to-date symlink: /home/ubuntu/ComputerScience_Project/install/turtlebot3_manipulation_bringup/share/turtlebot3_manipulation_bringup/worlds/turtlebot3_world/meshes/wall.dae
[0.183s] -- Up-to-date symlink: /home/ubuntu/ComputerScience_Project/install/turtlebot3_manipulation_bringup/share/turtlebot3_manipulation_bringup/worlds/turtlebot3_world/model-1_4.sdf
[0.184s] -- Up-to-date symlink: /home/ubuntu/ComputerScience_Project/install/turtlebot3_manipulation_bringup/share/turtlebot3_manipulation_bringup/worlds/turtlebot3_world/model.config
[0.186s] -- Up-to-date symlink: /home/ubuntu/ComputerScience_Project/install/turtlebot3_manipulation_bringup/share/turtlebot3_manipulation_bringup/worlds/turtlebot3_world/model.sdf
[0.187s] -- Up-to-date symlink: /home/ubuntu/ComputerScience_Project/install/turtlebot3_manipulation_bringup/share/turtlebot3_manipulation_bringup/environment/turtlebot3_manipulation_bringup.dsv
[0.188s] -- Up-to-date symlink: /home/ubuntu/ComputerScience_Project/install/turtlebot3_manipulation_bringup/share/ament_index/resource_index/package_run_dependencies/turtlebot3_manipulation_bringup
[0.190s] -- Up-to-date symlink: /home/ubuntu/ComputerScience_Project/install/turtlebot3_manipulation_bringup/share/ament_index/resource_index/parent_prefix_path/turtlebot3_manipulation_bringup
[0.191s] -- Up-to-date symlink: /home/ubuntu/ComputerScience_Project/install/turtlebot3_manipulation_bringup/share/turtlebot3_manipulation_bringup/environment/ament_prefix_path.sh
[0.191s] -- Up-to-date symlink: /home/ubuntu/ComputerScience_Project/install/turtlebot3_manipulation_bringup/share/turtlebot3_manipulation_bringup/environment/ament_prefix_path.dsv
[0.192s] -- Up-to-date symlink: /home/ubuntu/ComputerScience_Project/install/turtlebot3_manipulation_bringup/share/turtlebot3_manipulation_bringup/environment/path.sh
[0.192s] -- Up-to-date symlink: /home/ubuntu/ComputerScience_Project/install/turtlebot3_manipulation_bringup/share/turtlebot3_manipulation_bringup/environment/path.dsv
[0.196s] -- Up-to-date symlink: /home/ubuntu/ComputerScience_Project/install/turtlebot3_manipulation_bringup/share/turtlebot3_manipulation_bringup/local_setup.bash
[0.196s] -- Up-to-date symlink: /home/ubuntu/ComputerScience_Project/install/turtlebot3_manipulation_bringup/share/turtlebot3_manipulation_bringup/local_setup.sh
[0.197s] -- Up-to-date symlink: /home/ubuntu/ComputerScience_Project/install/turtlebot3_manipulation_bringup/share/turtlebot3_manipulation_bringup/local_setup.zsh
[0.197s] -- Up-to-date symlink: /home/ubuntu/ComputerScience_Project/install/turtlebot3_manipulation_bringup/share/turtlebot3_manipulation_bringup/local_setup.dsv
[0.197s] -- Symlinking: /home/ubuntu/ComputerScience_Project/install/turtlebot3_manipulation_bringup/share/turtlebot3_manipulation_bringup/package.dsv
[0.213s] -- Up-to-date symlink: /home/ubuntu/ComputerScience_Project/install/turtlebot3_manipulation_bringup/share/ament_index/resource_index/packages/turtlebot3_manipulation_bringup
[0.214s] -- Up-to-date symlink: /home/ubuntu/ComputerScience_Project/install/turtlebot3_manipulation_bringup/share/turtlebot3_manipulation_bringup/cmake/turtlebot3_manipulation_bringupConfig.cmake
[0.215s] -- Up-to-date symlink: /home/ubuntu/ComputerScience_Project/install/turtlebot3_manipulation_bringup/share/turtlebot3_manipulation_bringup/cmake/turtlebot3_manipulation_bringupConfig-version.cmake
[0.215s] -- Up-to-date symlink: /home/ubuntu/ComputerScience_Project/install/turtlebot3_manipulation_bringup/share/turtlebot3_manipulation_bringup/package.xml
[0.228s] Invoked command in '/home/ubuntu/ComputerScience_Project/build/turtlebot3_manipulation_bringup' returned '0': CMAKE_PREFIX_PATH=/home/ubuntu/ComputerScience_Project/install/turtlebot3_manipulation_description:/home/ubuntu/ComputerScience_Project/install/turtlebot3_manipulation:/home/ubuntu/ComputerScience_Project/install/turtlebot3_manipulation_teleop:/home/ubuntu/ComputerScience_Project/install/turtlebot3_manipulation_navigation2:/home/ubuntu/ComputerScience_Project/install/turtlebot3_manipulation_moveit_config:/home/ubuntu/ComputerScience_Project/install/turtlebot3_manipulation_hardware:/home/ubuntu/ComputerScience_Project/install/turtlebot3_manipulation_bringup:/home/ubuntu/ComputerScience_Project/install/turtlebot3_manipulation_cartographer:/opt/ros/humble /usr/bin/cmake --install /home/ubuntu/ComputerScience_Project/build/turtlebot3_manipulation_bringup
