[0.355s] Invoking command in '/home/ubuntu/ComputerScience_Project/build/turtlebot3_manipulation_bringup': CMAKE_PREFIX_PATH=/home/ubuntu/ComputerScience_Project/install/turtlebot3_manipulation_description:/home/ubuntu/ComputerScience_Project/install/turtlebot3_simulations:/home/ubuntu/ComputerScience_Project/install/turtlebot3_manipulation:/home/ubuntu/ComputerScience_Project/install/turtlebot3_manipulation_teleop:/home/ubuntu/ComputerScience_Project/install/turtlebot3_manipulation_navigation2:/home/ubuntu/ComputerScience_Project/install/turtlebot3_manipulation_moveit_config:/home/ubuntu/ComputerScience_Project/install/turtlebot3_manipulation_hardware:/home/ubuntu/ComputerScience_Project/install/turtlebot3_manipulation_bringup:/home/ubuntu/ComputerScience_Project/install/turtlebot3_manipulation_cartographer:/home/ubuntu/ComputerScience_Project/install/turtlebot3_gazebo:/home/ubuntu/ComputerScience_Project/install/turtlebot3_fake_node:/opt/ros/humble /usr/bin/cmake --build /home/ubuntu/ComputerScience_Project/build/turtlebot3_manipulation_bringup -- -j8 -l8
[0.898s] Invoked command in '/home/ubuntu/ComputerScience_Project/build/turtlebot3_manipulation_bringup' returned '0': CMAKE_PREFIX_PATH=/home/ubuntu/ComputerScience_Project/install/turtlebot3_manipulation_description:/home/ubuntu/ComputerScience_Project/install/turtlebot3_simulations:/home/ubuntu/ComputerScience_Project/install/turtlebot3_manipulation:/home/ubuntu/ComputerScience_Project/install/turtlebot3_manipulation_teleop:/home/ubuntu/ComputerScience_Project/install/turtlebot3_manipulation_navigation2:/home/ubuntu/ComputerScience_Project/install/turtlebot3_manipulation_moveit_config:/home/ubuntu/ComputerScience_Project/install/turtlebot3_manipulation_hardware:/home/ubuntu/ComputerScience_Project/install/turtlebot3_manipulation_bringup:/home/ubuntu/ComputerScience_Project/install/turtlebot3_manipulation_cartographer:/home/ubuntu/ComputerScience_Project/install/turtlebot3_gazebo:/home/ubuntu/ComputerScience_Project/install/turtlebot3_fake_node:/opt/ros/humble /usr/bin/cmake --build /home/ubuntu/ComputerScience_Project/build/turtlebot3_manipulation_bringup -- -j8 -l8
[1.060s] Invoking command in '/home/ubuntu/ComputerScience_Project/build/turtlebot3_manipulation_bringup': CMAKE_PREFIX_PATH=/home/ubuntu/ComputerScience_Project/install/turtlebot3_manipulation_description:/home/ubuntu/ComputerScience_Project/install/turtlebot3_simulations:/home/ubuntu/ComputerScience_Project/install/turtlebot3_manipulation:/home/ubuntu/ComputerScience_Project/install/turtlebot3_manipulation_teleop:/home/ubuntu/ComputerScience_Project/install/turtlebot3_manipulation_navigation2:/home/ubuntu/ComputerScience_Project/install/turtlebot3_manipulation_moveit_config:/home/ubuntu/ComputerScience_Project/install/turtlebot3_manipulation_hardware:/home/ubuntu/ComputerScience_Project/install/turtlebot3_manipulation_bringup:/home/ubuntu/ComputerScience_Project/install/turtlebot3_manipulation_cartographer:/home/ubuntu/ComputerScience_Project/install/turtlebot3_gazebo:/home/ubuntu/ComputerScience_Project/install/turtlebot3_fake_node:/opt/ros/humble /usr/bin/cmake --install /home/ubuntu/ComputerScience_Project/build/turtlebot3_manipulation_bringup
[1.171s] -- Install configuration: ""
[1.176s] -- Execute custom install script
[1.186s] -- Up-to-date symlink: /home/ubuntu/ComputerScience_Project/install/turtlebot3_manipulation_bringup/share/turtlebot3_manipulation_bringup/launch/base.launch.py
[1.187s] -- Up-to-date symlink: /home/ubuntu/ComputerScience_Project/install/turtlebot3_manipulation_bringup/share/turtlebot3_manipulation_bringup/launch/fake.launch.py
[1.187s] -- Up-to-date symlink: /home/ubuntu/ComputerScience_Project/install/turtlebot3_manipulation_bringup/share/turtlebot3_manipulation_bringup/launch/gazebo.launch.py
[1.188s] -- Up-to-date symlink: /home/ubuntu/ComputerScience_Project/install/turtlebot3_manipulation_bringup/share/turtlebot3_manipulation_bringup/launch/hardware.launch.py
[1.188s] -- Up-to-date symlink: /home/ubuntu/ComputerScience_Project/install/turtlebot3_manipulation_bringup/share/turtlebot3_manipulation_bringup/config/gazebo_controller_manager.yaml
[1.189s] -- Up-to-date symlink: /home/ubuntu/ComputerScience_Project/install/turtlebot3_manipulation_bringup/share/turtlebot3_manipulation_bringup/config/hardware_controller_manager.yaml
[1.189s] -- Up-to-date symlink: /home/ubuntu/ComputerScience_Project/install/turtlebot3_manipulation_bringup/share/turtlebot3_manipulation_bringup/rviz/turtlebot3_manipulation.rviz
[1.189s] -- Up-to-date symlink: /home/ubuntu/ComputerScience_Project/install/turtlebot3_manipulation_bringup/share/turtlebot3_manipulation_bringup/worlds/empty_world.model
[1.189s] -- Up-to-date symlink: /home/ubuntu/ComputerScience_Project/install/turtlebot3_manipulation_bringup/share/turtlebot3_manipulation_bringup/worlds/turtlebot3_world.model
[1.195s] -- Up-to-date symlink: /home/ubuntu/ComputerScience_Project/install/turtlebot3_manipulation_bringup/share/turtlebot3_manipulation_bringup/worlds/turtlebot3_world/meshes/hexagon.dae
[1.196s] -- Up-to-date symlink: /home/ubuntu/ComputerScience_Project/install/turtlebot3_manipulation_bringup/share/turtlebot3_manipulation_bringup/worlds/turtlebot3_world/meshes/wall.dae
[1.200s] -- Up-to-date symlink: /home/ubuntu/ComputerScience_Project/install/turtlebot3_manipulation_bringup/share/turtlebot3_manipulation_bringup/worlds/turtlebot3_world/model-1_4.sdf
[1.200s] -- Up-to-date symlink: /home/ubuntu/ComputerScience_Project/install/turtlebot3_manipulation_bringup/share/turtlebot3_manipulation_bringup/worlds/turtlebot3_world/model.config
[1.200s] -- Up-to-date symlink: /home/ubuntu/ComputerScience_Project/install/turtlebot3_manipulation_bringup/share/turtlebot3_manipulation_bringup/worlds/turtlebot3_world/model.sdf
[1.201s] -- Up-to-date symlink: /home/ubuntu/ComputerScience_Project/install/turtlebot3_manipulation_bringup/share/turtlebot3_manipulation_bringup/environment/turtlebot3_manipulation_bringup.dsv
[1.201s] -- Up-to-date symlink: /home/ubuntu/ComputerScience_Project/install/turtlebot3_manipulation_bringup/share/ament_index/resource_index/package_run_dependencies/turtlebot3_manipulation_bringup
[1.210s] -- Up-to-date symlink: /home/ubuntu/ComputerScience_Project/install/turtlebot3_manipulation_bringup/share/ament_index/resource_index/parent_prefix_path/turtlebot3_manipulation_bringup
[1.211s] -- Up-to-date symlink: /home/ubuntu/ComputerScience_Project/install/turtlebot3_manipulation_bringup/share/turtlebot3_manipulation_bringup/environment/ament_prefix_path.sh
[1.225s] -- Up-to-date symlink: /home/ubuntu/ComputerScience_Project/install/turtlebot3_manipulation_bringup/share/turtlebot3_manipulation_bringup/environment/ament_prefix_path.dsv
[1.225s] -- Up-to-date symlink: /home/ubuntu/ComputerScience_Project/install/turtlebot3_manipulation_bringup/share/turtlebot3_manipulation_bringup/environment/path.sh
[1.226s] -- Up-to-date symlink: /home/ubuntu/ComputerScience_Project/install/turtlebot3_manipulation_bringup/share/turtlebot3_manipulation_bringup/environment/path.dsv
[1.226s] -- Up-to-date symlink: /home/ubuntu/ComputerScience_Project/install/turtlebot3_manipulation_bringup/share/turtlebot3_manipulation_bringup/local_setup.bash
[1.226s] -- Up-to-date symlink: /home/ubuntu/ComputerScience_Project/install/turtlebot3_manipulation_bringup/share/turtlebot3_manipulation_bringup/local_setup.sh
[1.226s] -- Up-to-date symlink: /home/ubuntu/ComputerScience_Project/install/turtlebot3_manipulation_bringup/share/turtlebot3_manipulation_bringup/local_setup.zsh
[1.236s] -- Up-to-date symlink: /home/ubuntu/ComputerScience_Project/install/turtlebot3_manipulation_bringup/share/turtlebot3_manipulation_bringup/local_setup.dsv
[1.237s] -- Symlinking: /home/ubuntu/ComputerScience_Project/install/turtlebot3_manipulation_bringup/share/turtlebot3_manipulation_bringup/package.dsv
[1.271s] -- Up-to-date symlink: /home/ubuntu/ComputerScience_Project/install/turtlebot3_manipulation_bringup/share/ament_index/resource_index/packages/turtlebot3_manipulation_bringup
[1.276s] -- Up-to-date symlink: /home/ubuntu/ComputerScience_Project/install/turtlebot3_manipulation_bringup/share/turtlebot3_manipulation_bringup/cmake/turtlebot3_manipulation_bringupConfig.cmake
[1.277s] -- Up-to-date symlink: /home/ubuntu/ComputerScience_Project/install/turtlebot3_manipulation_bringup/share/turtlebot3_manipulation_bringup/cmake/turtlebot3_manipulation_bringupConfig-version.cmake
[1.278s] -- Up-to-date symlink: /home/ubuntu/ComputerScience_Project/install/turtlebot3_manipulation_bringup/share/turtlebot3_manipulation_bringup/package.xml
[1.313s] Invoked command in '/home/ubuntu/ComputerScience_Project/build/turtlebot3_manipulation_bringup' returned '0': CMAKE_PREFIX_PATH=/home/ubuntu/ComputerScience_Project/install/turtlebot3_manipulation_description:/home/ubuntu/ComputerScience_Project/install/turtlebot3_simulations:/home/ubuntu/ComputerScience_Project/install/turtlebot3_manipulation:/home/ubuntu/ComputerScience_Project/install/turtlebot3_manipulation_teleop:/home/ubuntu/ComputerScience_Project/install/turtlebot3_manipulation_navigation2:/home/ubuntu/ComputerScience_Project/install/turtlebot3_manipulation_moveit_config:/home/ubuntu/ComputerScience_Project/install/turtlebot3_manipulation_hardware:/home/ubuntu/ComputerScience_Project/install/turtlebot3_manipulation_bringup:/home/ubuntu/ComputerScience_Project/install/turtlebot3_manipulation_cartographer:/home/ubuntu/ComputerScience_Project/install/turtlebot3_gazebo:/home/ubuntu/ComputerScience_Project/install/turtlebot3_fake_node:/opt/ros/humble /usr/bin/cmake --install /home/ubuntu/ComputerScience_Project/build/turtlebot3_manipulation_bringup
