[0.018s] Invoking command in '/home/ubuntu/ComputerScience_Project/build/turtlebot3_simulations': AMENT_PREFIX_PATH=/home/ubuntu/ComputerScience_Project/install/turtlebot3_gazebo:/home/ubuntu/ComputerScience_Project/install/turtlebot3_fake_node:${AMENT_PREFIX_PATH} CMAKE_PREFIX_PATH=/home/ubuntu/ComputerScience_Project/install/turtlebot3_gazebo:/home/ubuntu/ComputerScience_Project/install/turtlebot3_fake_node:/home/ubuntu/ComputerScience_Project/install/turtlebot3_manipulation:/home/ubuntu/ComputerScience_Project/install/turtlebot3_manipulation_teleop:/home/ubuntu/ComputerScience_Project/install/turtlebot3_manipulation_navigation2:/home/ubuntu/ComputerScience_Project/install/turtlebot3_manipulation_moveit_config:/home/ubuntu/ComputerScience_Project/install/turtlebot3_manipulation_hardware:/home/ubuntu/ComputerScience_Project/install/turtlebot3_manipulation_bringup:/home/ubuntu/ComputerScience_Project/install/turtlebot3_manipulation_description:/home/ubuntu/ComputerScience_Project/install/turtlebot3_manipulation_cartographer:/opt/ros/humble /usr/bin/cmake /home/ubuntu/ComputerScience_Project/turtlebot3_simulations/turtlebot3_simulations -DAMENT_CMAKE_SYMLINK_INSTALL=1 -DCMAKE_INSTALL_PREFIX=/home/ubuntu/ComputerScience_Project/install/turtlebot3_simulations
[0.112s] -- The C compiler identification is GNU 11.4.0
[0.227s] -- The CXX compiler identification is GNU 11.4.0
[0.239s] -- Detecting C compiler ABI info
[0.363s] -- Detecting C compiler ABI info - done
[0.377s] -- Check for working C compiler: /usr/bin/cc - skipped
[0.378s] -- Detecting C compile features
[0.378s] -- Detecting C compile features - done
[0.386s] -- Detecting CXX compiler ABI info
[0.524s] -- Detecting CXX compiler ABI info - done
[0.547s] -- Check for working CXX compiler: /usr/bin/c++ - skipped
[0.548s] -- Detecting CXX compile features
[0.550s] -- Detecting CXX compile features - done
[0.559s] -- Found ament_cmake: 1.3.10 (/opt/ros/humble/share/ament_cmake/cmake)
[0.871s] -- Found Python3: /usr/bin/python3 (found version "3.10.12") found components: Interpreter 
[0.998s] -- Override CMake install command with custom implementation using symlinks instead of copying resources
[1.222s] -- Configuring done
[1.228s] -- Generating done
[1.230s] -- Build files have been written to: /home/ubuntu/ComputerScience_Project/build/turtlebot3_simulations
[1.239s] Invoked command in '/home/ubuntu/ComputerScience_Project/build/turtlebot3_simulations' returned '0': AMENT_PREFIX_PATH=/home/ubuntu/ComputerScience_Project/install/turtlebot3_gazebo:/home/ubuntu/ComputerScience_Project/install/turtlebot3_fake_node:${AMENT_PREFIX_PATH} CMAKE_PREFIX_PATH=/home/ubuntu/ComputerScience_Project/install/turtlebot3_gazebo:/home/ubuntu/ComputerScience_Project/install/turtlebot3_fake_node:/home/ubuntu/ComputerScience_Project/install/turtlebot3_manipulation:/home/ubuntu/ComputerScience_Project/install/turtlebot3_manipulation_teleop:/home/ubuntu/ComputerScience_Project/install/turtlebot3_manipulation_navigation2:/home/ubuntu/ComputerScience_Project/install/turtlebot3_manipulation_moveit_config:/home/ubuntu/ComputerScience_Project/install/turtlebot3_manipulation_hardware:/home/ubuntu/ComputerScience_Project/install/turtlebot3_manipulation_bringup:/home/ubuntu/ComputerScience_Project/install/turtlebot3_manipulation_description:/home/ubuntu/ComputerScience_Project/install/turtlebot3_manipulation_cartographer:/opt/ros/humble /usr/bin/cmake /home/ubuntu/ComputerScience_Project/turtlebot3_simulations/turtlebot3_simulations -DAMENT_CMAKE_SYMLINK_INSTALL=1 -DCMAKE_INSTALL_PREFIX=/home/ubuntu/ComputerScience_Project/install/turtlebot3_simulations
[1.240s] Invoking command in '/home/ubuntu/ComputerScience_Project/build/turtlebot3_simulations': AMENT_PREFIX_PATH=/home/ubuntu/ComputerScience_Project/install/turtlebot3_gazebo:/home/ubuntu/ComputerScience_Project/install/turtlebot3_fake_node:${AMENT_PREFIX_PATH} CMAKE_PREFIX_PATH=/home/ubuntu/ComputerScience_Project/install/turtlebot3_gazebo:/home/ubuntu/ComputerScience_Project/install/turtlebot3_fake_node:/home/ubuntu/ComputerScience_Project/install/turtlebot3_manipulation:/home/ubuntu/ComputerScience_Project/install/turtlebot3_manipulation_teleop:/home/ubuntu/ComputerScience_Project/install/turtlebot3_manipulation_navigation2:/home/ubuntu/ComputerScience_Project/install/turtlebot3_manipulation_moveit_config:/home/ubuntu/ComputerScience_Project/install/turtlebot3_manipulation_hardware:/home/ubuntu/ComputerScience_Project/install/turtlebot3_manipulation_bringup:/home/ubuntu/ComputerScience_Project/install/turtlebot3_manipulation_description:/home/ubuntu/ComputerScience_Project/install/turtlebot3_manipulation_cartographer:/opt/ros/humble /usr/bin/cmake --build /home/ubuntu/ComputerScience_Project/build/turtlebot3_simulations -- -j8 -l8
[1.294s] Invoked command in '/home/ubuntu/ComputerScience_Project/build/turtlebot3_simulations' returned '0': AMENT_PREFIX_PATH=/home/ubuntu/ComputerScience_Project/install/turtlebot3_gazebo:/home/ubuntu/ComputerScience_Project/install/turtlebot3_fake_node:${AMENT_PREFIX_PATH} CMAKE_PREFIX_PATH=/home/ubuntu/ComputerScience_Project/install/turtlebot3_gazebo:/home/ubuntu/ComputerScience_Project/install/turtlebot3_fake_node:/home/ubuntu/ComputerScience_Project/install/turtlebot3_manipulation:/home/ubuntu/ComputerScience_Project/install/turtlebot3_manipulation_teleop:/home/ubuntu/ComputerScience_Project/install/turtlebot3_manipulation_navigation2:/home/ubuntu/ComputerScience_Project/install/turtlebot3_manipulation_moveit_config:/home/ubuntu/ComputerScience_Project/install/turtlebot3_manipulation_hardware:/home/ubuntu/ComputerScience_Project/install/turtlebot3_manipulation_bringup:/home/ubuntu/ComputerScience_Project/install/turtlebot3_manipulation_description:/home/ubuntu/ComputerScience_Project/install/turtlebot3_manipulation_cartographer:/opt/ros/humble /usr/bin/cmake --build /home/ubuntu/ComputerScience_Project/build/turtlebot3_simulations -- -j8 -l8
[1.333s] Invoking command in '/home/ubuntu/ComputerScience_Project/build/turtlebot3_simulations': AMENT_PREFIX_PATH=/home/ubuntu/ComputerScience_Project/install/turtlebot3_gazebo:/home/ubuntu/ComputerScience_Project/install/turtlebot3_fake_node:${AMENT_PREFIX_PATH} CMAKE_PREFIX_PATH=/home/ubuntu/ComputerScience_Project/install/turtlebot3_gazebo:/home/ubuntu/ComputerScience_Project/install/turtlebot3_fake_node:/home/ubuntu/ComputerScience_Project/install/turtlebot3_manipulation:/home/ubuntu/ComputerScience_Project/install/turtlebot3_manipulation_teleop:/home/ubuntu/ComputerScience_Project/install/turtlebot3_manipulation_navigation2:/home/ubuntu/ComputerScience_Project/install/turtlebot3_manipulation_moveit_config:/home/ubuntu/ComputerScience_Project/install/turtlebot3_manipulation_hardware:/home/ubuntu/ComputerScience_Project/install/turtlebot3_manipulation_bringup:/home/ubuntu/ComputerScience_Project/install/turtlebot3_manipulation_description:/home/ubuntu/ComputerScience_Project/install/turtlebot3_manipulation_cartographer:/opt/ros/humble /usr/bin/cmake --install /home/ubuntu/ComputerScience_Project/build/turtlebot3_simulations
[1.345s] -- Install configuration: ""
[1.347s] -- Execute custom install script
[1.349s] -- Symlinking: /home/ubuntu/ComputerScience_Project/install/turtlebot3_simulations/share/ament_index/resource_index/package_run_dependencies/turtlebot3_simulations
[1.366s] -- Symlinking: /home/ubuntu/ComputerScience_Project/install/turtlebot3_simulations/share/ament_index/resource_index/parent_prefix_path/turtlebot3_simulations
[1.384s] -- Symlinking: /home/ubuntu/ComputerScience_Project/install/turtlebot3_simulations/share/turtlebot3_simulations/environment/ament_prefix_path.sh
[1.401s] -- Symlinking: /home/ubuntu/ComputerScience_Project/install/turtlebot3_simulations/share/turtlebot3_simulations/environment/ament_prefix_path.dsv
[1.417s] -- Symlinking: /home/ubuntu/ComputerScience_Project/install/turtlebot3_simulations/share/turtlebot3_simulations/environment/path.sh
[1.433s] -- Symlinking: /home/ubuntu/ComputerScience_Project/install/turtlebot3_simulations/share/turtlebot3_simulations/environment/path.dsv
[1.452s] -- Symlinking: /home/ubuntu/ComputerScience_Project/install/turtlebot3_simulations/share/turtlebot3_simulations/local_setup.bash
[1.470s] -- Symlinking: /home/ubuntu/ComputerScience_Project/install/turtlebot3_simulations/share/turtlebot3_simulations/local_setup.sh
[1.486s] -- Symlinking: /home/ubuntu/ComputerScience_Project/install/turtlebot3_simulations/share/turtlebot3_simulations/local_setup.zsh
[1.505s] -- Symlinking: /home/ubuntu/ComputerScience_Project/install/turtlebot3_simulations/share/turtlebot3_simulations/local_setup.dsv
[1.525s] -- Symlinking: /home/ubuntu/ComputerScience_Project/install/turtlebot3_simulations/share/turtlebot3_simulations/package.dsv
[1.545s] -- Symlinking: /home/ubuntu/ComputerScience_Project/install/turtlebot3_simulations/share/ament_index/resource_index/packages/turtlebot3_simulations
[1.564s] -- Symlinking: /home/ubuntu/ComputerScience_Project/install/turtlebot3_simulations/share/turtlebot3_simulations/cmake/turtlebot3_simulationsConfig.cmake
[1.586s] -- Symlinking: /home/ubuntu/ComputerScience_Project/install/turtlebot3_simulations/share/turtlebot3_simulations/cmake/turtlebot3_simulationsConfig-version.cmake
[1.604s] -- Symlinking: /home/ubuntu/ComputerScience_Project/install/turtlebot3_simulations/share/turtlebot3_simulations/package.xml
[1.622s] Invoked command in '/home/ubuntu/ComputerScience_Project/build/turtlebot3_simulations' returned '0': AMENT_PREFIX_PATH=/home/ubuntu/ComputerScience_Project/install/turtlebot3_gazebo:/home/ubuntu/ComputerScience_Project/install/turtlebot3_fake_node:${AMENT_PREFIX_PATH} CMAKE_PREFIX_PATH=/home/ubuntu/ComputerScience_Project/install/turtlebot3_gazebo:/home/ubuntu/ComputerScience_Project/install/turtlebot3_fake_node:/home/ubuntu/ComputerScience_Project/install/turtlebot3_manipulation:/home/ubuntu/ComputerScience_Project/install/turtlebot3_manipulation_teleop:/home/ubuntu/ComputerScience_Project/install/turtlebot3_manipulation_navigation2:/home/ubuntu/ComputerScience_Project/install/turtlebot3_manipulation_moveit_config:/home/ubuntu/ComputerScience_Project/install/turtlebot3_manipulation_hardware:/home/ubuntu/ComputerScience_Project/install/turtlebot3_manipulation_bringup:/home/ubuntu/ComputerScience_Project/install/turtlebot3_manipulation_description:/home/ubuntu/ComputerScience_Project/install/turtlebot3_manipulation_cartographer:/opt/ros/humble /usr/bin/cmake --install /home/ubuntu/ComputerScience_Project/build/turtlebot3_simulations
