[0.028s] Invoking command in '/home/ubuntu/ComputerScience_Project/build/turtlebot3_manipulation_cartographer': CMAKE_PREFIX_PATH=/opt/ros/humble /usr/bin/cmake /home/ubuntu/ComputerScience_Project/src/turtlebot3_manipulation/turtlebot3_manipulation_cartographer -DAMENT_CMAKE_SYMLINK_INSTALL=1 -DCMAKE_INSTALL_PREFIX=/home/ubuntu/ComputerScience_Project/install/turtlebot3_manipulation_cartographer
[0.275s] -- The C compiler identification is GNU 11.4.0
[0.448s] -- The CXX compiler identification is GNU 11.4.0
[0.462s] -- Detecting C compiler ABI info
[0.563s] -- Detecting C compiler ABI info - done
[0.575s] -- Check for working C compiler: /usr/bin/cc - skipped
[0.577s] -- Detecting C compile features
[0.578s] -- Detecting C compile features - done
[0.582s] -- Detecting CXX compiler ABI info
[0.682s] -- Detecting CXX compiler ABI info - done
[0.693s] -- Check for working CXX compiler: /usr/bin/c++ - skipped
[0.694s] -- Detecting CXX compile features
[0.694s] -- Detecting CXX compile features - done
[0.720s] -- Found ament_cmake: 1.3.10 (/opt/ros/humble/share/ament_cmake/cmake)
[0.933s] -- Found Python3: /usr/bin/python3 (found version "3.10.12") found components: Interpreter 
[1.047s] -- Override CMake install command with custom implementation using symlinks instead of copying resources
[1.205s] -- Configuring done
[1.210s] -- Generating done
[1.211s] -- Build files have been written to: /home/ubuntu/ComputerScience_Project/build/turtlebot3_manipulation_cartographer
[1.219s] Invoked command in '/home/ubuntu/ComputerScience_Project/build/turtlebot3_manipulation_cartographer' returned '0': CMAKE_PREFIX_PATH=/opt/ros/humble /usr/bin/cmake /home/ubuntu/ComputerScience_Project/src/turtlebot3_manipulation/turtlebot3_manipulation_cartographer -DAMENT_CMAKE_SYMLINK_INSTALL=1 -DCMAKE_INSTALL_PREFIX=/home/ubuntu/ComputerScience_Project/install/turtlebot3_manipulation_cartographer
[1.222s] Invoking command in '/home/ubuntu/ComputerScience_Project/build/turtlebot3_manipulation_cartographer': CMAKE_PREFIX_PATH=/opt/ros/humble /usr/bin/cmake --build /home/ubuntu/ComputerScience_Project/build/turtlebot3_manipulation_cartographer -- -j8 -l8
[1.262s] Invoked command in '/home/ubuntu/ComputerScience_Project/build/turtlebot3_manipulation_cartographer' returned '0': CMAKE_PREFIX_PATH=/opt/ros/humble /usr/bin/cmake --build /home/ubuntu/ComputerScience_Project/build/turtlebot3_manipulation_cartographer -- -j8 -l8
[1.296s] Invoking command in '/home/ubuntu/ComputerScience_Project/build/turtlebot3_manipulation_cartographer': CMAKE_PREFIX_PATH=/opt/ros/humble /usr/bin/cmake --install /home/ubuntu/ComputerScience_Project/build/turtlebot3_manipulation_cartographer
[1.303s] -- Install configuration: ""
[1.305s] -- Execute custom install script
[1.305s] -- Symlinking: /home/ubuntu/ComputerScience_Project/install/turtlebot3_manipulation_cartographer/share/turtlebot3_manipulation_cartographer/config/turtlebot3_2d.lua
[1.315s] -- Symlinking: /home/ubuntu/ComputerScience_Project/install/turtlebot3_manipulation_cartographer/share/turtlebot3_manipulation_cartographer/launch/cartographer.launch.py
[1.325s] -- Symlinking: /home/ubuntu/ComputerScience_Project/install/turtlebot3_manipulation_cartographer/share/turtlebot3_manipulation_cartographer/rviz/cartographer.rviz
[1.333s] -- Symlinking: /home/ubuntu/ComputerScience_Project/install/turtlebot3_manipulation_cartographer/share/ament_index/resource_index/package_run_dependencies/turtlebot3_manipulation_cartographer
[1.343s] -- Symlinking: /home/ubuntu/ComputerScience_Project/install/turtlebot3_manipulation_cartographer/share/ament_index/resource_index/parent_prefix_path/turtlebot3_manipulation_cartographer
[1.353s] -- Symlinking: /home/ubuntu/ComputerScience_Project/install/turtlebot3_manipulation_cartographer/share/turtlebot3_manipulation_cartographer/environment/ament_prefix_path.sh
[1.364s] -- Symlinking: /home/ubuntu/ComputerScience_Project/install/turtlebot3_manipulation_cartographer/share/turtlebot3_manipulation_cartographer/environment/ament_prefix_path.dsv
[1.374s] -- Symlinking: /home/ubuntu/ComputerScience_Project/install/turtlebot3_manipulation_cartographer/share/turtlebot3_manipulation_cartographer/environment/path.sh
[1.384s] -- Symlinking: /home/ubuntu/ComputerScience_Project/install/turtlebot3_manipulation_cartographer/share/turtlebot3_manipulation_cartographer/environment/path.dsv
[1.394s] -- Symlinking: /home/ubuntu/ComputerScience_Project/install/turtlebot3_manipulation_cartographer/share/turtlebot3_manipulation_cartographer/local_setup.bash
[1.404s] -- Symlinking: /home/ubuntu/ComputerScience_Project/install/turtlebot3_manipulation_cartographer/share/turtlebot3_manipulation_cartographer/local_setup.sh
[1.414s] -- Symlinking: /home/ubuntu/ComputerScience_Project/install/turtlebot3_manipulation_cartographer/share/turtlebot3_manipulation_cartographer/local_setup.zsh
[1.424s] -- Symlinking: /home/ubuntu/ComputerScience_Project/install/turtlebot3_manipulation_cartographer/share/turtlebot3_manipulation_cartographer/local_setup.dsv
[1.432s] -- Symlinking: /home/ubuntu/ComputerScience_Project/install/turtlebot3_manipulation_cartographer/share/turtlebot3_manipulation_cartographer/package.dsv
[1.444s] -- Symlinking: /home/ubuntu/ComputerScience_Project/install/turtlebot3_manipulation_cartographer/share/ament_index/resource_index/packages/turtlebot3_manipulation_cartographer
[1.455s] -- Symlinking: /home/ubuntu/ComputerScience_Project/install/turtlebot3_manipulation_cartographer/share/turtlebot3_manipulation_cartographer/cmake/turtlebot3_manipulation_cartographerConfig.cmake
[1.464s] -- Symlinking: /home/ubuntu/ComputerScience_Project/install/turtlebot3_manipulation_cartographer/share/turtlebot3_manipulation_cartographer/cmake/turtlebot3_manipulation_cartographerConfig-version.cmake
[1.474s] -- Symlinking: /home/ubuntu/ComputerScience_Project/install/turtlebot3_manipulation_cartographer/share/turtlebot3_manipulation_cartographer/package.xml
[1.485s] Invoked command in '/home/ubuntu/ComputerScience_Project/build/turtlebot3_manipulation_cartographer' returned '0': CMAKE_PREFIX_PATH=/opt/ros/humble /usr/bin/cmake --install /home/ubuntu/ComputerScience_Project/build/turtlebot3_manipulation_cartographer
